Producing dataset...
Applying weight drop of 0.5 to weight_hh_l0
Applying weight drop of 0.5 to weight_hh_l0
Applying weight drop of 0.5 to weight_hh_l0
[WeightDrop(
  (module): LSTM(200, 1000)
), WeightDrop(
  (module): LSTM(1000, 1000)
), WeightDrop(
  (module): LSTM(1000, 200)
)]
Using []
Args: Namespace(alpha=0.0, batch_size=128, beta=0.0, bptt=150, clip=0.25, cuda=True, data='data/sp2_v26_20', dropout=0.1, dropoute=0.0, dropouth=0.25, dropouti=0.1, emsize=200, epochs=100, log_interval=200, lr=0.002, model='LSTM', nhid=1000, nlayers=3, nonmono=5, optimizer='adam', resume='', save='sp2_v26_20.pt', seed=1111, tied=True, wdecay=1.2e-06, wdrop=0.5, when=[70, 90])
Model total parameters: 13783027
| epoch   1 |   200/  604 batches | lr 0.00200 | ms/batch 167.48 | loss  3.22 | ppl    25.12 | bpc    4.650
| epoch   1 |   400/  604 batches | lr 0.00200 | ms/batch 164.92 | loss  3.16 | ppl    23.59 | bpc    4.560
| epoch   1 |   600/  604 batches | lr 0.00200 | ms/batch 166.66 | loss  3.15 | ppl    23.45 | bpc    4.551
-----------------------------------------------------------------------------------------
| end of epoch   1 | time: 143.70s | valid loss  3.15 | valid ppl    23.35 | valid bpc    4.545
-----------------------------------------------------------------------------------------
Saving model (new best validation)
| epoch   2 |   200/  604 batches | lr 0.00200 | ms/batch 168.82 | loss  3.17 | ppl    23.79 | bpc    4.572
| epoch   2 |   400/  604 batches | lr 0.00200 | ms/batch 170.55 | loss  3.15 | ppl    23.36 | bpc    4.546
| epoch   2 |   600/  604 batches | lr 0.00200 | ms/batch 172.80 | loss  3.15 | ppl    23.34 | bpc    4.545
-----------------------------------------------------------------------------------------
| end of epoch   2 | time: 146.23s | valid loss  3.15 | valid ppl    23.31 | valid bpc    4.543
-----------------------------------------------------------------------------------------
Saving model (new best validation)
| epoch   3 |   200/  604 batches | lr 0.00200 | ms/batch 174.28 | loss  3.17 | ppl    23.71 | bpc    4.567
| epoch   3 |   400/  604 batches | lr 0.00200 | ms/batch 178.78 | loss  3.15 | ppl    23.32 | bpc    4.544
| epoch   3 |   600/  604 batches | lr 0.00200 | ms/batch 177.55 | loss  3.15 | ppl    23.34 | bpc    4.545
-----------------------------------------------------------------------------------------
| end of epoch   3 | time: 150.19s | valid loss  3.15 | valid ppl    23.30 | valid bpc    4.543
-----------------------------------------------------------------------------------------
Saving model (new best validation)
| epoch   4 |   200/  604 batches | lr 0.00200 | ms/batch 170.64 | loss  3.17 | ppl    23.69 | bpc    4.566
| epoch   4 |   400/  604 batches | lr 0.00200 | ms/batch 179.98 | loss  3.15 | ppl    23.38 | bpc    4.547
| epoch   4 |   600/  604 batches | lr 0.00200 | ms/batch 177.75 | loss  3.15 | ppl    23.34 | bpc    4.545
-----------------------------------------------------------------------------------------
| end of epoch   4 | time: 149.04s | valid loss  3.15 | valid ppl    23.30 | valid bpc    4.542
-----------------------------------------------------------------------------------------
Saving model (new best validation)
| epoch   5 |   200/  604 batches | lr 0.00200 | ms/batch 176.51 | loss  3.17 | ppl    23.69 | bpc    4.566
| epoch   5 |   400/  604 batches | lr 0.00200 | ms/batch 174.93 | loss  3.15 | ppl    23.35 | bpc    4.545
| epoch   5 |   600/  604 batches | lr 0.00200 | ms/batch 179.34 | loss  3.15 | ppl    23.31 | bpc    4.543
-----------------------------------------------------------------------------------------
| end of epoch   5 | time: 150.19s | valid loss  3.15 | valid ppl    23.30 | valid bpc    4.542
-----------------------------------------------------------------------------------------
| epoch   6 |   200/  604 batches | lr 0.00200 | ms/batch 173.84 | loss  3.16 | ppl    23.69 | bpc    4.566
| epoch   6 |   400/  604 batches | lr 0.00200 | ms/batch 181.11 | loss  3.15 | ppl    23.31 | bpc    4.543
| epoch   6 |   600/  604 batches | lr 0.00200 | ms/batch 179.75 | loss  3.15 | ppl    23.31 | bpc    4.543
-----------------------------------------------------------------------------------------
| end of epoch   6 | time: 150.69s | valid loss  3.15 | valid ppl    23.30 | valid bpc    4.542
-----------------------------------------------------------------------------------------
| epoch   7 |   200/  604 batches | lr 0.00200 | ms/batch 174.12 | loss  3.16 | ppl    23.68 | bpc    4.566
| epoch   7 |   400/  604 batches | lr 0.00200 | ms/batch 179.17 | loss  3.15 | ppl    23.31 | bpc    4.543
| epoch   7 |   600/  604 batches | lr 0.00200 | ms/batch 176.66 | loss  3.15 | ppl    23.33 | bpc    4.544
-----------------------------------------------------------------------------------------
| end of epoch   7 | time: 150.12s | valid loss  3.15 | valid ppl    23.30 | valid bpc    4.542
-----------------------------------------------------------------------------------------
Saving model (new best validation)
| epoch   8 |   200/  604 batches | lr 0.00200 | ms/batch 170.86 | loss  3.16 | ppl    23.68 | bpc    4.566
| epoch   8 |   400/  604 batches | lr 0.00200 | ms/batch 176.68 | loss  3.15 | ppl    23.31 | bpc    4.543
| epoch   8 |   600/  604 batches | lr 0.00200 | ms/batch 173.92 | loss  3.15 | ppl    23.31 | bpc    4.543
-----------------------------------------------------------------------------------------
| end of epoch   8 | time: 149.13s | valid loss  3.15 | valid ppl    23.30 | valid bpc    4.542
-----------------------------------------------------------------------------------------
Saving model (new best validation)
| epoch   9 |   200/  604 batches | lr 0.00200 | ms/batch 173.97 | loss  3.16 | ppl    23.68 | bpc    4.566
| epoch   9 |   400/  604 batches | lr 0.00200 | ms/batch 178.71 | loss  3.15 | ppl    23.31 | bpc    4.543
| epoch   9 |   600/  604 batches | lr 0.00200 | ms/batch 177.14 | loss  3.15 | ppl    23.31 | bpc    4.543
-----------------------------------------------------------------------------------------
| end of epoch   9 | time: 149.81s | valid loss  3.15 | valid ppl    23.30 | valid bpc    4.542
-----------------------------------------------------------------------------------------
Saving model (new best validation)
| epoch  10 |   200/  604 batches | lr 0.00200 | ms/batch 174.86 | loss  3.16 | ppl    23.68 | bpc    4.566
| epoch  10 |   400/  604 batches | lr 0.00200 | ms/batch 179.55 | loss  3.15 | ppl    23.31 | bpc    4.543
| epoch  10 |   600/  604 batches | lr 0.00200 | ms/batch 179.71 | loss  3.15 | ppl    23.30 | bpc    4.543
-----------------------------------------------------------------------------------------
| end of epoch  10 | time: 149.89s | valid loss  3.15 | valid ppl    23.29 | valid bpc    4.542
-----------------------------------------------------------------------------------------
Saving model (new best validation)
| epoch  11 |   200/  604 batches | lr 0.00200 | ms/batch 169.51 | loss  3.16 | ppl    23.68 | bpc    4.566
| epoch  11 |   400/  604 batches | lr 0.00200 | ms/batch 176.47 | loss  3.15 | ppl    23.31 | bpc    4.543
| epoch  11 |   600/  604 batches | lr 0.00200 | ms/batch 177.90 | loss  3.15 | ppl    23.30 | bpc    4.542
-----------------------------------------------------------------------------------------
| end of epoch  11 | time: 148.31s | valid loss  3.32 | valid ppl    27.63 | valid bpc    4.788
-----------------------------------------------------------------------------------------
| epoch  12 |   200/  604 batches | lr 0.00200 | ms/batch 174.33 | loss  3.17 | ppl    23.86 | bpc    4.576
| epoch  12 |   400/  604 batches | lr 0.00200 | ms/batch 178.73 | loss  3.15 | ppl    23.31 | bpc    4.543
| epoch  12 |   600/  604 batches | lr 0.00200 | ms/batch 179.71 | loss  3.15 | ppl    23.30 | bpc    4.543
-----------------------------------------------------------------------------------------
| end of epoch  12 | time: 149.63s | valid loss  3.15 | valid ppl    23.29 | valid bpc    4.542
-----------------------------------------------------------------------------------------
| epoch  13 |   200/  604 batches | lr 0.00200 | ms/batch 174.57 | loss  3.17 | ppl    23.69 | bpc    4.566
| epoch  13 |   400/  604 batches | lr 0.00200 | ms/batch 176.75 | loss  3.15 | ppl    23.31 | bpc    4.543
| epoch  13 |   600/  604 batches | lr 0.00200 | ms/batch 178.46 | loss  3.15 | ppl    23.30 | bpc    4.542
-----------------------------------------------------------------------------------------
| end of epoch  13 | time: 149.98s | valid loss  3.15 | valid ppl    23.29 | valid bpc    4.542
-----------------------------------------------------------------------------------------
| epoch  14 |   200/  604 batches | lr 0.00200 | ms/batch 169.44 | loss  3.16 | ppl    23.68 | bpc    4.565
| epoch  14 |   400/  604 batches | lr 0.00200 | ms/batch 177.62 | loss  3.15 | ppl    23.31 | bpc    4.543
| epoch  14 |   600/  604 batches | lr 0.00200 | ms/batch 177.29 | loss  3.15 | ppl    23.30 | bpc    4.542
-----------------------------------------------------------------------------------------
| end of epoch  14 | time: 148.82s | valid loss  3.15 | valid ppl    23.29 | valid bpc    4.542
-----------------------------------------------------------------------------------------
Saving model (new best validation)
| epoch  15 |   200/  604 batches | lr 0.00200 | ms/batch 172.51 | loss  3.16 | ppl    23.68 | bpc    4.565
| epoch  15 |   400/  604 batches | lr 0.00200 | ms/batch 176.99 | loss  3.15 | ppl    23.31 | bpc    4.543
| epoch  15 |   600/  604 batches | lr 0.00200 | ms/batch 177.32 | loss  3.15 | ppl    23.30 | bpc    4.542
-----------------------------------------------------------------------------------------
| end of epoch  15 | time: 148.59s | valid loss  3.15 | valid ppl    23.29 | valid bpc    4.542
-----------------------------------------------------------------------------------------
Saving model (new best validation)
| epoch  16 |   200/  604 batches | lr 0.00200 | ms/batch 173.49 | loss  3.16 | ppl    23.68 | bpc    4.565
| epoch  16 |   400/  604 batches | lr 0.00200 | ms/batch 177.67 | loss  3.15 | ppl    23.31 | bpc    4.543
| epoch  16 |   600/  604 batches | lr 0.00200 | ms/batch 177.96 | loss  3.15 | ppl    23.30 | bpc    4.542
-----------------------------------------------------------------------------------------
| end of epoch  16 | time: 149.77s | valid loss  3.15 | valid ppl    23.29 | valid bpc    4.542
-----------------------------------------------------------------------------------------
| epoch  17 |   200/  604 batches | lr 0.00200 | ms/batch 175.27 | loss  3.17 | ppl    23.70 | bpc    4.567
| epoch  17 |   400/  604 batches | lr 0.00200 | ms/batch 180.11 | loss  3.15 | ppl    23.31 | bpc    4.543
| epoch  17 |   600/  604 batches | lr 0.00200 | ms/batch 180.70 | loss  3.15 | ppl    23.30 | bpc    4.542
-----------------------------------------------------------------------------------------
| end of epoch  17 | time: 150.19s | valid loss  3.15 | valid ppl    23.29 | valid bpc    4.542
-----------------------------------------------------------------------------------------
Saving model (new best validation)
| epoch  18 |   200/  604 batches | lr 0.00200 | ms/batch 173.04 | loss  3.16 | ppl    23.68 | bpc    4.566
| epoch  18 |   400/  604 batches | lr 0.00200 | ms/batch 177.29 | loss  3.15 | ppl    23.31 | bpc    4.543
| epoch  18 |   600/  604 batches | lr 0.00200 | ms/batch 180.24 | loss  3.15 | ppl    23.30 | bpc    4.542
-----------------------------------------------------------------------------------------
| end of epoch  18 | time: 149.63s | valid loss  3.15 | valid ppl    23.29 | valid bpc    4.542
-----------------------------------------------------------------------------------------
| epoch  19 |   200/  604 batches | lr 0.00200 | ms/batch 170.68 | loss  3.16 | ppl    23.68 | bpc    4.565
| epoch  19 |   400/  604 batches | lr 0.00200 | ms/batch 174.73 | loss  3.15 | ppl    23.31 | bpc    4.543
| epoch  19 |   600/  604 batches | lr 0.00200 | ms/batch 176.80 | loss  3.15 | ppl    23.30 | bpc    4.542
-----------------------------------------------------------------------------------------
| end of epoch  19 | time: 148.79s | valid loss  3.15 | valid ppl    23.29 | valid bpc    4.542
-----------------------------------------------------------------------------------------
Saving model (new best validation)
| epoch  20 |   200/  604 batches | lr 0.00200 | ms/batch 170.88 | loss  3.16 | ppl    23.67 | bpc    4.565
| epoch  20 |   400/  604 batches | lr 0.00200 | ms/batch 176.22 | loss  3.15 | ppl    23.30 | bpc    4.543
| epoch  20 |   600/  604 batches | lr 0.00200 | ms/batch 176.43 | loss  3.15 | ppl    23.37 | bpc    4.547
-----------------------------------------------------------------------------------------
| end of epoch  20 | time: 148.82s | valid loss  3.15 | valid ppl    23.29 | valid bpc    4.542
-----------------------------------------------------------------------------------------
| epoch  21 |   200/  604 batches | lr 0.00200 | ms/batch 173.21 | loss  3.16 | ppl    23.68 | bpc    4.566
| epoch  21 |   400/  604 batches | lr 0.00200 | ms/batch 177.18 | loss  3.15 | ppl    23.30 | bpc    4.543
| epoch  21 |   600/  604 batches | lr 0.00200 | ms/batch 176.08 | loss  3.15 | ppl    23.30 | bpc    4.542
-----------------------------------------------------------------------------------------
| end of epoch  21 | time: 149.12s | valid loss  3.15 | valid ppl    23.29 | valid bpc    4.542
-----------------------------------------------------------------------------------------
Saving model (new best validation)
| epoch  22 |   200/  604 batches | lr 0.00200 | ms/batch 170.29 | loss  3.16 | ppl    23.68 | bpc    4.565
| epoch  22 |   400/  604 batches | lr 0.00200 | ms/batch 177.75 | loss  3.15 | ppl    23.30 | bpc    4.543
| epoch  22 |   600/  604 batches | lr 0.00200 | ms/batch 180.62 | loss  3.15 | ppl    23.30 | bpc    4.542
-----------------------------------------------------------------------------------------
| end of epoch  22 | time: 148.93s | valid loss  3.15 | valid ppl    23.29 | valid bpc    4.542
-----------------------------------------------------------------------------------------
| epoch  23 |   200/  604 batches | lr 0.00200 | ms/batch 170.93 | loss  3.16 | ppl    23.68 | bpc    4.565
| epoch  23 |   400/  604 batches | lr 0.00200 | ms/batch 177.53 | loss  3.15 | ppl    23.30 | bpc    4.543
| epoch  23 |   600/  604 batches | lr 0.00200 | ms/batch 177.18 | loss  3.15 | ppl    23.32 | bpc    4.544
-----------------------------------------------------------------------------------------
| end of epoch  23 | time: 148.78s | valid loss  3.15 | valid ppl    23.29 | valid bpc    4.542
-----------------------------------------------------------------------------------------
Saving model (new best validation)
| epoch  24 |   200/  604 batches | lr 0.00200 | ms/batch 173.20 | loss  3.16 | ppl    23.67 | bpc    4.565
| epoch  24 |   400/  604 batches | lr 0.00200 | ms/batch 173.61 | loss  3.15 | ppl    23.31 | bpc    4.543
| epoch  24 |   600/  604 batches | lr 0.00200 | ms/batch 177.14 | loss  3.15 | ppl    23.31 | bpc    4.543
-----------------------------------------------------------------------------------------
| end of epoch  24 | time: 149.17s | valid loss  3.15 | valid ppl    23.29 | valid bpc    4.542
-----------------------------------------------------------------------------------------
| epoch  25 |   200/  604 batches | lr 0.00200 | ms/batch 171.26 | loss  3.16 | ppl    23.68 | bpc    4.565
| epoch  25 |   400/  604 batches | lr 0.00200 | ms/batch 177.60 | loss  3.15 | ppl    23.30 | bpc    4.543
| epoch  25 |   600/  604 batches | lr 0.00200 | ms/batch 177.41 | loss  3.15 | ppl    23.30 | bpc    4.542
-----------------------------------------------------------------------------------------
| end of epoch  25 | time: 149.21s | valid loss  3.15 | valid ppl    23.29 | valid bpc    4.542
-----------------------------------------------------------------------------------------
| epoch  26 |   200/  604 batches | lr 0.00200 | ms/batch 172.47 | loss  3.16 | ppl    23.68 | bpc    4.565
| epoch  26 |   400/  604 batches | lr 0.00200 | ms/batch 177.60 | loss  3.15 | ppl    23.30 | bpc    4.543
| epoch  26 |   600/  604 batches | lr 0.00200 | ms/batch 175.65 | loss  3.15 | ppl    23.30 | bpc    4.542
-----------------------------------------------------------------------------------------
| end of epoch  26 | time: 149.29s | valid loss  3.15 | valid ppl    23.29 | valid bpc    4.542
-----------------------------------------------------------------------------------------
| epoch  27 |   200/  604 batches | lr 0.00200 | ms/batch 174.64 | loss  3.16 | ppl    23.67 | bpc    4.565
| epoch  27 |   400/  604 batches | lr 0.00200 | ms/batch 178.54 | loss  3.15 | ppl    23.30 | bpc    4.543
| epoch  27 |   600/  604 batches | lr 0.00200 | ms/batch 175.65 | loss  3.15 | ppl    23.30 | bpc    4.542
-----------------------------------------------------------------------------------------
| end of epoch  27 | time: 149.21s | valid loss  3.15 | valid ppl    23.29 | valid bpc    4.542
-----------------------------------------------------------------------------------------
Saving model (new best validation)
| epoch  28 |   200/  604 batches | lr 0.00200 | ms/batch 175.44 | loss  3.16 | ppl    23.68 | bpc    4.565
| epoch  28 |   400/  604 batches | lr 0.00200 | ms/batch 176.67 | loss  3.15 | ppl    23.30 | bpc    4.542
| epoch  28 |   600/  604 batches | lr 0.00200 | ms/batch 177.76 | loss  3.15 | ppl    23.30 | bpc    4.542
-----------------------------------------------------------------------------------------
| end of epoch  28 | time: 149.87s | valid loss  3.15 | valid ppl    23.29 | valid bpc    4.542
-----------------------------------------------------------------------------------------
Saving model (new best validation)
| epoch  29 |   200/  604 batches | lr 0.00200 | ms/batch 175.79 | loss  3.17 | ppl    23.78 | bpc    4.572
| epoch  29 |   400/  604 batches | lr 0.00200 | ms/batch 177.05 | loss  3.15 | ppl    23.31 | bpc    4.543
| epoch  29 |   600/  604 batches | lr 0.00200 | ms/batch 181.55 | loss  3.15 | ppl    23.30 | bpc    4.542
-----------------------------------------------------------------------------------------
| end of epoch  29 | time: 149.67s | valid loss  3.15 | valid ppl    23.29 | valid bpc    4.542
-----------------------------------------------------------------------------------------
| epoch  30 |   200/  604 batches | lr 0.00200 | ms/batch 171.80 | loss  3.16 | ppl    23.68 | bpc    4.565
| epoch  30 |   400/  604 batches | lr 0.00200 | ms/batch 175.32 | loss  3.15 | ppl    23.31 | bpc    4.543
| epoch  30 |   600/  604 batches | lr 0.00200 | ms/batch 176.58 | loss  3.15 | ppl    23.30 | bpc    4.542
-----------------------------------------------------------------------------------------
| end of epoch  30 | time: 148.76s | valid loss  3.15 | valid ppl    23.29 | valid bpc    4.542
-----------------------------------------------------------------------------------------
| epoch  31 |   200/  604 batches | lr 0.00200 | ms/batch 175.83 | loss  3.16 | ppl    23.68 | bpc    4.566
| epoch  31 |   400/  604 batches | lr 0.00200 | ms/batch 177.95 | loss  3.15 | ppl    23.30 | bpc    4.542
| epoch  31 |   600/  604 batches | lr 0.00200 | ms/batch 177.00 | loss  3.15 | ppl    23.30 | bpc    4.542
-----------------------------------------------------------------------------------------
| end of epoch  31 | time: 149.76s | valid loss  3.15 | valid ppl    23.29 | valid bpc    4.542
-----------------------------------------------------------------------------------------
Saving model (new best validation)
| epoch  32 |   200/  604 batches | lr 0.00200 | ms/batch 172.96 | loss  3.16 | ppl    23.68 | bpc    4.566
| epoch  32 |   400/  604 batches | lr 0.00200 | ms/batch 174.26 | loss  3.15 | ppl    23.30 | bpc    4.542
| epoch  32 |   600/  604 batches | lr 0.00200 | ms/batch 178.58 | loss  3.15 | ppl    23.30 | bpc    4.542
-----------------------------------------------------------------------------------------
| end of epoch  32 | time: 149.45s | valid loss  3.15 | valid ppl    23.29 | valid bpc    4.542
-----------------------------------------------------------------------------------------
| epoch  33 |   200/  604 batches | lr 0.00200 | ms/batch 175.53 | loss  3.16 | ppl    23.68 | bpc    4.565
| epoch  33 |   400/  604 batches | lr 0.00200 | ms/batch 175.97 | loss  3.15 | ppl    23.30 | bpc    4.542
| epoch  33 |   600/  604 batches | lr 0.00200 | ms/batch 177.64 | loss  3.15 | ppl    23.30 | bpc    4.542
-----------------------------------------------------------------------------------------
| end of epoch  33 | time: 149.52s | valid loss  3.15 | valid ppl    23.29 | valid bpc    4.542
-----------------------------------------------------------------------------------------
| epoch  34 |   200/  604 batches | lr 0.00200 | ms/batch 170.42 | loss  3.16 | ppl    23.68 | bpc    4.565
| epoch  34 |   400/  604 batches | lr 0.00200 | ms/batch 178.76 | loss  3.15 | ppl    23.30 | bpc    4.542
| epoch  34 |   600/  604 batches | lr 0.00200 | ms/batch 179.45 | loss  3.15 | ppl    23.30 | bpc    4.542
-----------------------------------------------------------------------------------------
| end of epoch  34 | time: 149.58s | valid loss  3.15 | valid ppl    23.29 | valid bpc    4.542
-----------------------------------------------------------------------------------------
| epoch  35 |   200/  604 batches | lr 0.00200 | ms/batch 174.51 | loss  3.16 | ppl    23.68 | bpc    4.566
| epoch  35 |   400/  604 batches | lr 0.00200 | ms/batch 181.37 | loss  3.15 | ppl    23.30 | bpc    4.542
| epoch  35 |   600/  604 batches | lr 0.00200 | ms/batch 176.01 | loss  3.15 | ppl    23.30 | bpc    4.542
-----------------------------------------------------------------------------------------
| end of epoch  35 | time: 149.59s | valid loss  3.15 | valid ppl    23.29 | valid bpc    4.542
-----------------------------------------------------------------------------------------
| epoch  36 |   200/  604 batches | lr 0.00200 | ms/batch 175.43 | loss  3.16 | ppl    23.67 | bpc    4.565
| epoch  36 |   400/  604 batches | lr 0.00200 | ms/batch 177.78 | loss  3.15 | ppl    23.30 | bpc    4.542
| epoch  36 |   600/  604 batches | lr 0.00200 | ms/batch 174.83 | loss  3.15 | ppl    23.30 | bpc    4.542
-----------------------------------------------------------------------------------------
| end of epoch  36 | time: 149.54s | valid loss  3.15 | valid ppl    23.29 | valid bpc    4.542
-----------------------------------------------------------------------------------------
| epoch  37 |   200/  604 batches | lr 0.00200 | ms/batch 170.60 | loss  3.16 | ppl    23.67 | bpc    4.565
| epoch  37 |   400/  604 batches | lr 0.00200 | ms/batch 174.73 | loss  3.15 | ppl    23.31 | bpc    4.543
| epoch  37 |   600/  604 batches | lr 0.00200 | ms/batch 176.05 | loss  3.15 | ppl    23.30 | bpc    4.542
-----------------------------------------------------------------------------------------
| end of epoch  37 | time: 149.24s | valid loss  3.15 | valid ppl    23.29 | valid bpc    4.542
-----------------------------------------------------------------------------------------
| epoch  38 |   200/  604 batches | lr 0.00200 | ms/batch 171.80 | loss  3.16 | ppl    23.67 | bpc    4.565
| epoch  38 |   400/  604 batches | lr 0.00200 | ms/batch 175.09 | loss  3.15 | ppl    23.30 | bpc    4.542
| epoch  38 |   600/  604 batches | lr 0.00200 | ms/batch 178.00 | loss  3.15 | ppl    23.30 | bpc    4.542
-----------------------------------------------------------------------------------------
| end of epoch  38 | time: 150.21s | valid loss  3.15 | valid ppl    23.29 | valid bpc    4.542
-----------------------------------------------------------------------------------------
| epoch  39 |   200/  604 batches | lr 0.00200 | ms/batch 173.46 | loss  3.17 | ppl    23.69 | bpc    4.566
| epoch  39 |   400/  604 batches | lr 0.00200 | ms/batch 175.53 | loss  3.15 | ppl    23.31 | bpc    4.543
| epoch  39 |   600/  604 batches | lr 0.00200 | ms/batch 178.59 | loss  3.15 | ppl    23.30 | bpc    4.542
-----------------------------------------------------------------------------------------
| end of epoch  39 | time: 150.10s | valid loss  3.15 | valid ppl    23.29 | valid bpc    4.542
-----------------------------------------------------------------------------------------
Saving model (new best validation)
| epoch  40 |   200/  604 batches | lr 0.00200 | ms/batch 173.48 | loss  3.16 | ppl    23.68 | bpc    4.565
| epoch  40 |   400/  604 batches | lr 0.00200 | ms/batch 178.13 | loss  3.15 | ppl    23.30 | bpc    4.542
| epoch  40 |   600/  604 batches | lr 0.00200 | ms/batch 178.74 | loss  3.15 | ppl    23.30 | bpc    4.542
-----------------------------------------------------------------------------------------
| end of epoch  40 | time: 150.06s | valid loss  3.15 | valid ppl    23.29 | valid bpc    4.542
-----------------------------------------------------------------------------------------
| epoch  41 |   200/  604 batches | lr 0.00200 | ms/batch 174.94 | loss  3.16 | ppl    23.67 | bpc    4.565
| epoch  41 |   400/  604 batches | lr 0.00200 | ms/batch 178.79 | loss  3.15 | ppl    23.30 | bpc    4.543
| epoch  41 |   600/  604 batches | lr 0.00200 | ms/batch 178.98 | loss  3.15 | ppl    23.30 | bpc    4.542
-----------------------------------------------------------------------------------------
| end of epoch  41 | time: 150.41s | valid loss  3.15 | valid ppl    23.33 | valid bpc    4.544
-----------------------------------------------------------------------------------------
| epoch  42 |   200/  604 batches | lr 0.00200 | ms/batch 168.69 | loss  3.16 | ppl    23.68 | bpc    4.566
| epoch  42 |   400/  604 batches | lr 0.00200 | ms/batch 178.60 | loss  3.15 | ppl    23.30 | bpc    4.542
| epoch  42 |   600/  604 batches | lr 0.00200 | ms/batch 178.10 | loss  3.15 | ppl    23.30 | bpc    4.542
-----------------------------------------------------------------------------------------
| end of epoch  42 | time: 149.20s | valid loss  3.15 | valid ppl    23.29 | valid bpc    4.542
-----------------------------------------------------------------------------------------
| epoch  43 |   200/  604 batches | lr 0.00200 | ms/batch 174.16 | loss  3.16 | ppl    23.67 | bpc    4.565
| epoch  43 |   400/  604 batches | lr 0.00200 | ms/batch 176.64 | loss  3.15 | ppl    23.31 | bpc    4.543
| epoch  43 |   600/  604 batches | lr 0.00200 | ms/batch 179.29 | loss  3.15 | ppl    23.30 | bpc    4.542
-----------------------------------------------------------------------------------------
| end of epoch  43 | time: 149.83s | valid loss  3.15 | valid ppl    23.29 | valid bpc    4.542
-----------------------------------------------------------------------------------------
| epoch  44 |   200/  604 batches | lr 0.00200 | ms/batch 174.61 | loss  3.16 | ppl    23.67 | bpc    4.565
| epoch  44 |   400/  604 batches | lr 0.00200 | ms/batch 177.05 | loss  3.15 | ppl    23.30 | bpc    4.542
| epoch  44 |   600/  604 batches | lr 0.00200 | ms/batch 181.27 | loss  3.15 | ppl    23.30 | bpc    4.542
-----------------------------------------------------------------------------------------
| end of epoch  44 | time: 149.88s | valid loss  3.15 | valid ppl    23.29 | valid bpc    4.542
-----------------------------------------------------------------------------------------
| epoch  45 |   200/  604 batches | lr 0.00200 | ms/batch 172.60 | loss  3.16 | ppl    23.67 | bpc    4.565
| epoch  45 |   400/  604 batches | lr 0.00200 | ms/batch 177.89 | loss  3.15 | ppl    23.30 | bpc    4.542
| epoch  45 |   600/  604 batches | lr 0.00200 | ms/batch 179.49 | loss  3.15 | ppl    23.30 | bpc    4.542
-----------------------------------------------------------------------------------------
| end of epoch  45 | time: 149.61s | valid loss  3.15 | valid ppl    23.29 | valid bpc    4.542
-----------------------------------------------------------------------------------------
| epoch  46 |   200/  604 batches | lr 0.00200 | ms/batch 175.68 | loss  3.16 | ppl    23.67 | bpc    4.565
| epoch  46 |   400/  604 batches | lr 0.00200 | ms/batch 176.89 | loss  3.15 | ppl    23.30 | bpc    4.543
| epoch  46 |   600/  604 batches | lr 0.00200 | ms/batch 178.81 | loss  3.15 | ppl    23.30 | bpc    4.542
-----------------------------------------------------------------------------------------
| end of epoch  46 | time: 149.47s | valid loss  3.15 | valid ppl    23.29 | valid bpc    4.542
-----------------------------------------------------------------------------------------
Saving model (new best validation)
| epoch  47 |   200/  604 batches | lr 0.00200 | ms/batch 171.02 | loss  3.16 | ppl    23.67 | bpc    4.565
| epoch  47 |   400/  604 batches | lr 0.00200 | ms/batch 175.48 | loss  3.15 | ppl    23.31 | bpc    4.543
| epoch  47 |   600/  604 batches | lr 0.00200 | ms/batch 177.75 | loss  3.15 | ppl    23.30 | bpc    4.542
-----------------------------------------------------------------------------------------
| end of epoch  47 | time: 148.93s | valid loss  3.15 | valid ppl    23.29 | valid bpc    4.542
-----------------------------------------------------------------------------------------
| epoch  48 |   200/  604 batches | lr 0.00200 | ms/batch 171.62 | loss  3.16 | ppl    23.68 | bpc    4.565
| epoch  48 |   400/  604 batches | lr 0.00200 | ms/batch 176.87 | loss  3.15 | ppl    23.30 | bpc    4.542
| epoch  48 |   600/  604 batches | lr 0.00200 | ms/batch 175.95 | loss  3.15 | ppl    23.30 | bpc    4.542
-----------------------------------------------------------------------------------------
| end of epoch  48 | time: 148.88s | valid loss  3.15 | valid ppl    23.29 | valid bpc    4.542
-----------------------------------------------------------------------------------------
| epoch  49 |   200/  604 batches | lr 0.00200 | ms/batch 172.72 | loss  3.16 | ppl    23.68 | bpc    4.565
| epoch  49 |   400/  604 batches | lr 0.00200 | ms/batch 178.13 | loss  3.15 | ppl    23.30 | bpc    4.542
| epoch  49 |   600/  604 batches | lr 0.00200 | ms/batch 178.07 | loss  3.15 | ppl    23.30 | bpc    4.542
-----------------------------------------------------------------------------------------
| end of epoch  49 | time: 149.45s | valid loss  3.15 | valid ppl    23.29 | valid bpc    4.542
-----------------------------------------------------------------------------------------
| epoch  50 |   200/  604 batches | lr 0.00200 | ms/batch 171.70 | loss  3.16 | ppl    23.67 | bpc    4.565
| epoch  50 |   400/  604 batches | lr 0.00200 | ms/batch 176.91 | loss  3.15 | ppl    23.30 | bpc    4.542
| epoch  50 |   600/  604 batches | lr 0.00200 | ms/batch 179.62 | loss  3.15 | ppl    23.30 | bpc    4.542
-----------------------------------------------------------------------------------------
| end of epoch  50 | time: 149.02s | valid loss  3.15 | valid ppl    23.29 | valid bpc    4.542
-----------------------------------------------------------------------------------------
| epoch  51 |   200/  604 batches | lr 0.00200 | ms/batch 171.96 | loss  3.16 | ppl    23.67 | bpc    4.565
| epoch  51 |   400/  604 batches | lr 0.00200 | ms/batch 176.85 | loss  3.15 | ppl    23.30 | bpc    4.542
| epoch  51 |   600/  604 batches | lr 0.00200 | ms/batch 176.76 | loss  3.15 | ppl    23.31 | bpc    4.543
-----------------------------------------------------------------------------------------
| end of epoch  51 | time: 149.65s | valid loss  3.15 | valid ppl    23.29 | valid bpc    4.542
-----------------------------------------------------------------------------------------
| epoch  52 |   200/  604 batches | lr 0.00200 | ms/batch 175.44 | loss  3.16 | ppl    23.67 | bpc    4.565
| epoch  52 |   400/  604 batches | lr 0.00200 | ms/batch 175.57 | loss  3.15 | ppl    23.30 | bpc    4.542
| epoch  52 |   600/  604 batches | lr 0.00200 | ms/batch 176.74 | loss  3.15 | ppl    23.30 | bpc    4.542
-----------------------------------------------------------------------------------------
| end of epoch  52 | time: 149.19s | valid loss  3.15 | valid ppl    23.29 | valid bpc    4.542
-----------------------------------------------------------------------------------------
Saving model (new best validation)
| epoch  53 |   200/  604 batches | lr 0.00200 | ms/batch 175.91 | loss  3.17 | ppl    23.69 | bpc    4.566
| epoch  53 |   400/  604 batches | lr 0.00200 | ms/batch 177.57 | loss  3.15 | ppl    23.30 | bpc    4.543
| epoch  53 |   600/  604 batches | lr 0.00200 | ms/batch 178.35 | loss  3.15 | ppl    23.30 | bpc    4.542
-----------------------------------------------------------------------------------------
| end of epoch  53 | time: 150.45s | valid loss  3.15 | valid ppl    23.29 | valid bpc    4.542
-----------------------------------------------------------------------------------------
| epoch  54 |   200/  604 batches | lr 0.00200 | ms/batch 170.40 | loss  3.16 | ppl    23.68 | bpc    4.566
| epoch  54 |   400/  604 batches | lr 0.00200 | ms/batch 178.01 | loss  3.15 | ppl    23.30 | bpc    4.542
| epoch  54 |   600/  604 batches | lr 0.00200 | ms/batch 178.57 | loss  3.15 | ppl    23.30 | bpc    4.542
-----------------------------------------------------------------------------------------
| end of epoch  54 | time: 148.71s | valid loss  3.15 | valid ppl    23.29 | valid bpc    4.542
-----------------------------------------------------------------------------------------
| epoch  55 |   200/  604 batches | lr 0.00200 | ms/batch 173.99 | loss  3.16 | ppl    23.67 | bpc    4.565
| epoch  55 |   400/  604 batches | lr 0.00200 | ms/batch 175.78 | loss  3.15 | ppl    23.31 | bpc    4.543
| epoch  55 |   600/  604 batches | lr 0.00200 | ms/batch 177.31 | loss  3.15 | ppl    23.30 | bpc    4.542
-----------------------------------------------------------------------------------------
| end of epoch  55 | time: 148.90s | valid loss  3.15 | valid ppl    23.29 | valid bpc    4.542
-----------------------------------------------------------------------------------------
| epoch  56 |   200/  604 batches | lr 0.00200 | ms/batch 172.82 | loss  3.16 | ppl    23.67 | bpc    4.565
| epoch  56 |   400/  604 batches | lr 0.00200 | ms/batch 177.89 | loss  3.15 | ppl    23.31 | bpc    4.543
| epoch  56 |   600/  604 batches | lr 0.00200 | ms/batch 179.04 | loss  3.15 | ppl    23.30 | bpc    4.542
-----------------------------------------------------------------------------------------
| end of epoch  56 | time: 149.89s | valid loss  3.15 | valid ppl    23.29 | valid bpc    4.542
-----------------------------------------------------------------------------------------
| epoch  57 |   200/  604 batches | lr 0.00200 | ms/batch 174.72 | loss  3.16 | ppl    23.68 | bpc    4.565
| epoch  57 |   400/  604 batches | lr 0.00200 | ms/batch 180.55 | loss  3.15 | ppl    23.30 | bpc    4.542
| epoch  57 |   600/  604 batches | lr 0.00200 | ms/batch 181.68 | loss  3.15 | ppl    23.30 | bpc    4.542
-----------------------------------------------------------------------------------------
| end of epoch  57 | time: 149.88s | valid loss  3.15 | valid ppl    23.29 | valid bpc    4.542
-----------------------------------------------------------------------------------------
| epoch  58 |   200/  604 batches | lr 0.00200 | ms/batch 175.41 | loss  3.16 | ppl    23.67 | bpc    4.565
| epoch  58 |   400/  604 batches | lr 0.00200 | ms/batch 176.47 | loss  3.15 | ppl    23.30 | bpc    4.542
| epoch  58 |   600/  604 batches | lr 0.00200 | ms/batch 180.08 | loss  3.15 | ppl    23.30 | bpc    4.542
-----------------------------------------------------------------------------------------
| end of epoch  58 | time: 149.71s | valid loss  3.15 | valid ppl    23.29 | valid bpc    4.542
-----------------------------------------------------------------------------------------
| epoch  59 |   200/  604 batches | lr 0.00200 | ms/batch 174.15 | loss  3.16 | ppl    23.68 | bpc    4.565
| epoch  59 |   400/  604 batches | lr 0.00200 | ms/batch 179.97 | loss  3.15 | ppl    23.30 | bpc    4.542
| epoch  59 |   600/  604 batches | lr 0.00200 | ms/batch 178.67 | loss  3.15 | ppl    23.30 | bpc    4.542
-----------------------------------------------------------------------------------------
| end of epoch  59 | time: 153.86s | valid loss  3.15 | valid ppl    23.29 | valid bpc    4.542
-----------------------------------------------------------------------------------------
| epoch  60 |   200/  604 batches | lr 0.00200 | ms/batch 171.40 | loss  3.16 | ppl    23.67 | bpc    4.565
| epoch  60 |   400/  604 batches | lr 0.00200 | ms/batch 175.04 | loss  3.15 | ppl    23.31 | bpc    4.543
| epoch  60 |   600/  604 batches | lr 0.00200 | ms/batch 178.91 | loss  3.15 | ppl    23.30 | bpc    4.542
-----------------------------------------------------------------------------------------
| end of epoch  60 | time: 148.36s | valid loss  3.15 | valid ppl    23.29 | valid bpc    4.542
-----------------------------------------------------------------------------------------
| epoch  61 |   200/  604 batches | lr 0.00200 | ms/batch 174.32 | loss  3.16 | ppl    23.68 | bpc    4.566
| epoch  61 |   400/  604 batches | lr 0.00200 | ms/batch 178.07 | loss  3.15 | ppl    23.30 | bpc    4.542
| epoch  61 |   600/  604 batches | lr 0.00200 | ms/batch 175.85 | loss  3.15 | ppl    23.30 | bpc    4.542
-----------------------------------------------------------------------------------------
| end of epoch  61 | time: 149.90s | valid loss  3.15 | valid ppl    23.29 | valid bpc    4.542
-----------------------------------------------------------------------------------------
| epoch  62 |   200/  604 batches | lr 0.00200 | ms/batch 172.97 | loss  3.16 | ppl    23.67 | bpc    4.565
| epoch  62 |   400/  604 batches | lr 0.00200 | ms/batch 175.83 | loss  3.15 | ppl    23.30 | bpc    4.542
| epoch  62 |   600/  604 batches | lr 0.00200 | ms/batch 180.70 | loss  3.15 | ppl    23.30 | bpc    4.542
-----------------------------------------------------------------------------------------
| end of epoch  62 | time: 149.33s | valid loss  3.15 | valid ppl    23.29 | valid bpc    4.542
-----------------------------------------------------------------------------------------
| epoch  63 |   200/  604 batches | lr 0.00200 | ms/batch 173.27 | loss  3.16 | ppl    23.68 | bpc    4.565
| epoch  63 |   400/  604 batches | lr 0.00200 | ms/batch 179.47 | loss  3.15 | ppl    23.31 | bpc    4.543
| epoch  63 |   600/  604 batches | lr 0.00200 | ms/batch 179.93 | loss  3.15 | ppl    23.30 | bpc    4.542
-----------------------------------------------------------------------------------------
| end of epoch  63 | time: 149.53s | valid loss  3.15 | valid ppl    23.29 | valid bpc    4.542
-----------------------------------------------------------------------------------------
| epoch  64 |   200/  604 batches | lr 0.00200 | ms/batch 171.08 | loss  3.16 | ppl    23.67 | bpc    4.565
| epoch  64 |   400/  604 batches | lr 0.00200 | ms/batch 175.43 | loss  3.15 | ppl    23.30 | bpc    4.542
| epoch  64 |   600/  604 batches | lr 0.00200 | ms/batch 178.27 | loss  3.15 | ppl    23.31 | bpc    4.543
-----------------------------------------------------------------------------------------
| end of epoch  64 | time: 149.70s | valid loss  3.15 | valid ppl    23.29 | valid bpc    4.542
-----------------------------------------------------------------------------------------
| epoch  65 |   200/  604 batches | lr 0.00200 | ms/batch 175.64 | loss  3.16 | ppl    23.67 | bpc    4.565
| epoch  65 |   400/  604 batches | lr 0.00200 | ms/batch 178.50 | loss  3.15 | ppl    23.30 | bpc    4.542
| epoch  65 |   600/  604 batches | lr 0.00200 | ms/batch 179.20 | loss  3.15 | ppl    23.30 | bpc    4.542
-----------------------------------------------------------------------------------------
| end of epoch  65 | time: 150.91s | valid loss  3.15 | valid ppl    23.29 | valid bpc    4.542
-----------------------------------------------------------------------------------------
| epoch  66 |   200/  604 batches | lr 0.00200 | ms/batch 173.46 | loss  3.16 | ppl    23.67 | bpc    4.565
| epoch  66 |   400/  604 batches | lr 0.00200 | ms/batch 178.41 | loss  3.15 | ppl    23.30 | bpc    4.542
| epoch  66 |   600/  604 batches | lr 0.00200 | ms/batch 177.29 | loss  3.15 | ppl    23.30 | bpc    4.542
-----------------------------------------------------------------------------------------
| end of epoch  66 | time: 149.40s | valid loss  3.15 | valid ppl    23.29 | valid bpc    4.542
-----------------------------------------------------------------------------------------
| epoch  67 |   200/  604 batches | lr 0.00200 | ms/batch 175.52 | loss  3.16 | ppl    23.68 | bpc    4.566
| epoch  67 |   400/  604 batches | lr 0.00200 | ms/batch 180.49 | loss  3.15 | ppl    23.30 | bpc    4.542
| epoch  67 |   600/  604 batches | lr 0.00200 | ms/batch 177.41 | loss  3.15 | ppl    23.30 | bpc    4.542
-----------------------------------------------------------------------------------------
| end of epoch  67 | time: 150.54s | valid loss  3.15 | valid ppl    23.29 | valid bpc    4.542
-----------------------------------------------------------------------------------------
| epoch  68 |   200/  604 batches | lr 0.00200 | ms/batch 174.78 | loss  3.16 | ppl    23.68 | bpc    4.565
| epoch  68 |   400/  604 batches | lr 0.00200 | ms/batch 178.44 | loss  3.15 | ppl    23.30 | bpc    4.542
| epoch  68 |   600/  604 batches | lr 0.00200 | ms/batch 180.23 | loss  3.15 | ppl    23.30 | bpc    4.542
-----------------------------------------------------------------------------------------
| end of epoch  68 | time: 150.53s | valid loss  3.15 | valid ppl    23.29 | valid bpc    4.542
-----------------------------------------------------------------------------------------
| epoch  69 |   200/  604 batches | lr 0.00200 | ms/batch 173.92 | loss  3.16 | ppl    23.67 | bpc    4.565
| epoch  69 |   400/  604 batches | lr 0.00200 | ms/batch 180.78 | loss  3.15 | ppl    23.30 | bpc    4.542
| epoch  69 |   600/  604 batches | lr 0.00200 | ms/batch 179.24 | loss  3.15 | ppl    23.30 | bpc    4.542
-----------------------------------------------------------------------------------------
| end of epoch  69 | time: 150.28s | valid loss  3.15 | valid ppl    23.29 | valid bpc    4.542
-----------------------------------------------------------------------------------------
| epoch  70 |   200/  604 batches | lr 0.00200 | ms/batch 175.18 | loss  3.16 | ppl    23.67 | bpc    4.565
| epoch  70 |   400/  604 batches | lr 0.00200 | ms/batch 178.88 | loss  3.15 | ppl    23.30 | bpc    4.543
| epoch  70 |   600/  604 batches | lr 0.00200 | ms/batch 177.24 | loss  3.15 | ppl    23.30 | bpc    4.542
-----------------------------------------------------------------------------------------
| end of epoch  70 | time: 150.21s | valid loss  3.15 | valid ppl    23.29 | valid bpc    4.542
-----------------------------------------------------------------------------------------
Saving model before learning rate decreased
Dividing learning rate by 10
| epoch  71 |   200/  604 batches | lr 0.00020 | ms/batch 176.96 | loss  3.16 | ppl    23.67 | bpc    4.565
| epoch  71 |   400/  604 batches | lr 0.00020 | ms/batch 180.66 | loss  3.15 | ppl    23.29 | bpc    4.542
| epoch  71 |   600/  604 batches | lr 0.00020 | ms/batch 180.23 | loss  3.15 | ppl    23.29 | bpc    4.542
-----------------------------------------------------------------------------------------
| end of epoch  71 | time: 150.58s | valid loss  3.15 | valid ppl    23.28 | valid bpc    4.541
-----------------------------------------------------------------------------------------
Saving model (new best validation)
| epoch  72 |   200/  604 batches | lr 0.00020 | ms/batch 175.95 | loss  3.16 | ppl    23.66 | bpc    4.565
| epoch  72 |   400/  604 batches | lr 0.00020 | ms/batch 179.19 | loss  3.15 | ppl    23.29 | bpc    4.542
| epoch  72 |   600/  604 batches | lr 0.00020 | ms/batch 180.35 | loss  3.15 | ppl    23.29 | bpc    4.542
-----------------------------------------------------------------------------------------
| end of epoch  72 | time: 150.53s | valid loss  3.15 | valid ppl    23.28 | valid bpc    4.541
-----------------------------------------------------------------------------------------
| epoch  73 |   200/  604 batches | lr 0.00020 | ms/batch 175.77 | loss  3.16 | ppl    23.66 | bpc    4.565
| epoch  73 |   400/  604 batches | lr 0.00020 | ms/batch 178.83 | loss  3.15 | ppl    23.29 | bpc    4.542
| epoch  73 |   600/  604 batches | lr 0.00020 | ms/batch 177.99 | loss  3.15 | ppl    23.29 | bpc    4.542
-----------------------------------------------------------------------------------------
| end of epoch  73 | time: 335.01s | valid loss  3.15 | valid ppl    23.28 | valid bpc    4.541
-----------------------------------------------------------------------------------------
Saving model (new best validation)
| epoch  74 |   200/  604 batches | lr 0.00020 | ms/batch 168.25 | loss  3.16 | ppl    23.66 | bpc    4.565
| epoch  74 |   400/  604 batches | lr 0.00020 | ms/batch 170.26 | loss  3.15 | ppl    23.29 | bpc    4.542
| epoch  74 |   600/  604 batches | lr 0.00020 | ms/batch 172.22 | loss  3.15 | ppl    23.29 | bpc    4.542
-----------------------------------------------------------------------------------------
| end of epoch  74 | time: 167.01s | valid loss  3.15 | valid ppl    23.28 | valid bpc    4.541
-----------------------------------------------------------------------------------------
Saving model (new best validation)
| epoch  75 |   200/  604 batches | lr 0.00020 | ms/batch 169.63 | loss  3.16 | ppl    23.66 | bpc    4.565
| epoch  75 |   400/  604 batches | lr 0.00020 | ms/batch 167.45 | loss  3.15 | ppl    23.29 | bpc    4.542
| epoch  75 |   600/  604 batches | lr 0.00020 | ms/batch 167.96 | loss  3.15 | ppl    23.29 | bpc    4.542
-----------------------------------------------------------------------------------------
| end of epoch  75 | time: 146.03s | valid loss  3.15 | valid ppl    23.28 | valid bpc    4.541
-----------------------------------------------------------------------------------------
| epoch  76 |   200/  604 batches | lr 0.00020 | ms/batch 169.58 | loss  3.16 | ppl    23.66 | bpc    4.565
| epoch  76 |   400/  604 batches | lr 0.00020 | ms/batch 174.69 | loss  3.15 | ppl    23.29 | bpc    4.542
| epoch  76 |   600/  604 batches | lr 0.00020 | ms/batch 176.87 | loss  3.15 | ppl    23.29 | bpc    4.542
-----------------------------------------------------------------------------------------
| end of epoch  76 | time: 149.12s | valid loss  3.15 | valid ppl    23.28 | valid bpc    4.541
-----------------------------------------------------------------------------------------
| epoch  77 |   200/  604 batches | lr 0.00020 | ms/batch 170.32 | loss  3.16 | ppl    23.66 | bpc    4.565
| epoch  77 |   400/  604 batches | lr 0.00020 | ms/batch 176.76 | loss  3.15 | ppl    23.29 | bpc    4.542
| epoch  77 |   600/  604 batches | lr 0.00020 | ms/batch 176.64 | loss  3.15 | ppl    23.29 | bpc    4.542
-----------------------------------------------------------------------------------------
| end of epoch  77 | time: 149.18s | valid loss  3.15 | valid ppl    23.28 | valid bpc    4.541
-----------------------------------------------------------------------------------------
| epoch  78 |   200/  604 batches | lr 0.00020 | ms/batch 175.24 | loss  3.16 | ppl    23.66 | bpc    4.564
| epoch  78 |   400/  604 batches | lr 0.00020 | ms/batch 178.83 | loss  3.15 | ppl    23.29 | bpc    4.542
| epoch  78 |   600/  604 batches | lr 0.00020 | ms/batch 178.32 | loss  3.15 | ppl    23.29 | bpc    4.542
-----------------------------------------------------------------------------------------
| end of epoch  78 | time: 149.62s | valid loss  3.15 | valid ppl    23.28 | valid bpc    4.541
-----------------------------------------------------------------------------------------
| epoch  79 |   200/  604 batches | lr 0.00020 | ms/batch 172.70 | loss  3.16 | ppl    23.66 | bpc    4.564
| epoch  79 |   400/  604 batches | lr 0.00020 | ms/batch 176.16 | loss  3.15 | ppl    23.29 | bpc    4.542
| epoch  79 |   600/  604 batches | lr 0.00020 | ms/batch 177.92 | loss  3.15 | ppl    23.29 | bpc    4.541
-----------------------------------------------------------------------------------------
| end of epoch  79 | time: 149.45s | valid loss  3.15 | valid ppl    23.28 | valid bpc    4.541
-----------------------------------------------------------------------------------------
| epoch  80 |   200/  604 batches | lr 0.00020 | ms/batch 172.59 | loss  3.16 | ppl    23.66 | bpc    4.564
| epoch  80 |   400/  604 batches | lr 0.00020 | ms/batch 177.32 | loss  3.15 | ppl    23.29 | bpc    4.542
| epoch  80 |   600/  604 batches | lr 0.00020 | ms/batch 176.58 | loss  3.15 | ppl    23.29 | bpc    4.541
-----------------------------------------------------------------------------------------
| end of epoch  80 | time: 150.15s | valid loss  3.15 | valid ppl    23.28 | valid bpc    4.541
-----------------------------------------------------------------------------------------
| epoch  81 |   200/  604 batches | lr 0.00020 | ms/batch 172.89 | loss  3.16 | ppl    23.66 | bpc    4.564
| epoch  81 |   400/  604 batches | lr 0.00020 | ms/batch 177.52 | loss  3.15 | ppl    23.29 | bpc    4.542
| epoch  81 |   600/  604 batches | lr 0.00020 | ms/batch 176.57 | loss  3.15 | ppl    23.29 | bpc    4.542
-----------------------------------------------------------------------------------------
| end of epoch  81 | time: 149.44s | valid loss  3.15 | valid ppl    23.28 | valid bpc    4.541
-----------------------------------------------------------------------------------------
| epoch  82 |   200/  604 batches | lr 0.00020 | ms/batch 174.21 | loss  3.16 | ppl    23.66 | bpc    4.564
| epoch  82 |   400/  604 batches | lr 0.00020 | ms/batch 176.60 | loss  3.15 | ppl    23.29 | bpc    4.542
| epoch  82 |   600/  604 batches | lr 0.00020 | ms/batch 177.53 | loss  3.15 | ppl    23.29 | bpc    4.542
-----------------------------------------------------------------------------------------
| end of epoch  82 | time: 149.16s | valid loss  3.15 | valid ppl    23.28 | valid bpc    4.541
-----------------------------------------------------------------------------------------
| epoch  83 |   200/  604 batches | lr 0.00020 | ms/batch 172.35 | loss  3.16 | ppl    23.66 | bpc    4.564
| epoch  83 |   400/  604 batches | lr 0.00020 | ms/batch 179.64 | loss  3.15 | ppl    23.29 | bpc    4.542
| epoch  83 |   600/  604 batches | lr 0.00020 | ms/batch 175.45 | loss  3.15 | ppl    23.29 | bpc    4.541
-----------------------------------------------------------------------------------------
| end of epoch  83 | time: 149.63s | valid loss  3.15 | valid ppl    23.28 | valid bpc    4.541
-----------------------------------------------------------------------------------------
| epoch  84 |   200/  604 batches | lr 0.00020 | ms/batch 174.48 | loss  3.16 | ppl    23.66 | bpc    4.564
| epoch  84 |   400/  604 batches | lr 0.00020 | ms/batch 177.75 | loss  3.15 | ppl    23.29 | bpc    4.542
| epoch  84 |   600/  604 batches | lr 0.00020 | ms/batch 180.48 | loss  3.15 | ppl    23.29 | bpc    4.541
-----------------------------------------------------------------------------------------
| end of epoch  84 | time: 149.75s | valid loss  3.15 | valid ppl    23.28 | valid bpc    4.541
-----------------------------------------------------------------------------------------
| epoch  85 |   200/  604 batches | lr 0.00020 | ms/batch 173.11 | loss  3.16 | ppl    23.66 | bpc    4.564
| epoch  85 |   400/  604 batches | lr 0.00020 | ms/batch 176.62 | loss  3.15 | ppl    23.29 | bpc    4.542
| epoch  85 |   600/  604 batches | lr 0.00020 | ms/batch 174.64 | loss  3.15 | ppl    23.29 | bpc    4.541
-----------------------------------------------------------------------------------------
| end of epoch  85 | time: 149.43s | valid loss  3.15 | valid ppl    23.28 | valid bpc    4.541
-----------------------------------------------------------------------------------------
| epoch  86 |   200/  604 batches | lr 0.00020 | ms/batch 173.05 | loss  3.16 | ppl    23.66 | bpc    4.564
| epoch  86 |   400/  604 batches | lr 0.00020 | ms/batch 177.79 | loss  3.15 | ppl    23.29 | bpc    4.542
| epoch  86 |   600/  604 batches | lr 0.00020 | ms/batch 175.22 | loss  3.15 | ppl    23.29 | bpc    4.541
-----------------------------------------------------------------------------------------
| end of epoch  86 | time: 149.36s | valid loss  3.15 | valid ppl    23.28 | valid bpc    4.541
-----------------------------------------------------------------------------------------
| epoch  87 |   200/  604 batches | lr 0.00020 | ms/batch 172.40 | loss  3.16 | ppl    23.66 | bpc    4.564
| epoch  87 |   400/  604 batches | lr 0.00020 | ms/batch 175.07 | loss  3.15 | ppl    23.29 | bpc    4.542
| epoch  87 |   600/  604 batches | lr 0.00020 | ms/batch 178.99 | loss  3.15 | ppl    23.29 | bpc    4.541
-----------------------------------------------------------------------------------------
| end of epoch  87 | time: 149.18s | valid loss  3.15 | valid ppl    23.28 | valid bpc    4.541
-----------------------------------------------------------------------------------------
| epoch  88 |   200/  604 batches | lr 0.00020 | ms/batch 174.85 | loss  3.16 | ppl    23.66 | bpc    4.564
| epoch  88 |   400/  604 batches | lr 0.00020 | ms/batch 178.22 | loss  3.15 | ppl    23.29 | bpc    4.542
| epoch  88 |   600/  604 batches | lr 0.00020 | ms/batch 177.90 | loss  3.15 | ppl    23.29 | bpc    4.541
-----------------------------------------------------------------------------------------
| end of epoch  88 | time: 148.96s | valid loss  3.15 | valid ppl    23.28 | valid bpc    4.541
-----------------------------------------------------------------------------------------
| epoch  89 |   200/  604 batches | lr 0.00020 | ms/batch 172.15 | loss  3.16 | ppl    23.66 | bpc    4.564
| epoch  89 |   400/  604 batches | lr 0.00020 | ms/batch 176.08 | loss  3.15 | ppl    23.29 | bpc    4.542
| epoch  89 |   600/  604 batches | lr 0.00020 | ms/batch 179.74 | loss  3.15 | ppl    23.29 | bpc    4.541
-----------------------------------------------------------------------------------------
| end of epoch  89 | time: 149.01s | valid loss  3.15 | valid ppl    23.28 | valid bpc    4.541
-----------------------------------------------------------------------------------------
| epoch  90 |   200/  604 batches | lr 0.00020 | ms/batch 175.48 | loss  3.16 | ppl    23.66 | bpc    4.564
| epoch  90 |   400/  604 batches | lr 0.00020 | ms/batch 177.12 | loss  3.15 | ppl    23.29 | bpc    4.542
| epoch  90 |   600/  604 batches | lr 0.00020 | ms/batch 177.56 | loss  3.15 | ppl    23.29 | bpc    4.541
-----------------------------------------------------------------------------------------
| end of epoch  90 | time: 149.38s | valid loss  3.15 | valid ppl    23.28 | valid bpc    4.541
-----------------------------------------------------------------------------------------
Saving model before learning rate decreased
Dividing learning rate by 10
| epoch  91 |   200/  604 batches | lr 0.00002 | ms/batch 172.06 | loss  3.16 | ppl    23.66 | bpc    4.564
| epoch  91 |   400/  604 batches | lr 0.00002 | ms/batch 175.82 | loss  3.15 | ppl    23.29 | bpc    4.542
| epoch  91 |   600/  604 batches | lr 0.00002 | ms/batch 176.37 | loss  3.15 | ppl    23.29 | bpc    4.541
-----------------------------------------------------------------------------------------
| end of epoch  91 | time: 149.83s | valid loss  3.15 | valid ppl    23.28 | valid bpc    4.541
-----------------------------------------------------------------------------------------
Saving model (new best validation)
| epoch  92 |   200/  604 batches | lr 0.00002 | ms/batch 174.29 | loss  3.16 | ppl    23.66 | bpc    4.564
| epoch  92 |   400/  604 batches | lr 0.00002 | ms/batch 179.76 | loss  3.15 | ppl    23.29 | bpc    4.542
| epoch  92 |   600/  604 batches | lr 0.00002 | ms/batch 180.21 | loss  3.15 | ppl    23.28 | bpc    4.541
-----------------------------------------------------------------------------------------
| end of epoch  92 | time: 149.38s | valid loss  3.15 | valid ppl    23.28 | valid bpc    4.541
-----------------------------------------------------------------------------------------
| epoch  93 |   200/  604 batches | lr 0.00002 | ms/batch 175.32 | loss  3.16 | ppl    23.66 | bpc    4.564
| epoch  93 |   400/  604 batches | lr 0.00002 | ms/batch 177.38 | loss  3.15 | ppl    23.29 | bpc    4.542
| epoch  93 |   600/  604 batches | lr 0.00002 | ms/batch 180.05 | loss  3.15 | ppl    23.28 | bpc    4.541
-----------------------------------------------------------------------------------------
| end of epoch  93 | time: 149.53s | valid loss  3.15 | valid ppl    23.28 | valid bpc    4.541
-----------------------------------------------------------------------------------------
Saving model (new best validation)
| epoch  94 |   200/  604 batches | lr 0.00002 | ms/batch 171.03 | loss  3.16 | ppl    23.66 | bpc    4.564
| epoch  94 |   400/  604 batches | lr 0.00002 | ms/batch 177.37 | loss  3.15 | ppl    23.29 | bpc    4.542
| epoch  94 |   600/  604 batches | lr 0.00002 | ms/batch 179.50 | loss  3.15 | ppl    23.28 | bpc    4.541
-----------------------------------------------------------------------------------------
| end of epoch  94 | time: 149.09s | valid loss  3.15 | valid ppl    23.28 | valid bpc    4.541
-----------------------------------------------------------------------------------------
| epoch  95 |   200/  604 batches | lr 0.00002 | ms/batch 170.26 | loss  3.16 | ppl    23.66 | bpc    4.564
| epoch  95 |   400/  604 batches | lr 0.00002 | ms/batch 176.20 | loss  3.15 | ppl    23.29 | bpc    4.542
| epoch  95 |   600/  604 batches | lr 0.00002 | ms/batch 182.21 | loss  3.15 | ppl    23.28 | bpc    4.541
-----------------------------------------------------------------------------------------
| end of epoch  95 | time: 150.24s | valid loss  3.15 | valid ppl    23.28 | valid bpc    4.541
-----------------------------------------------------------------------------------------
| epoch  96 |   200/  604 batches | lr 0.00002 | ms/batch 175.38 | loss  3.16 | ppl    23.66 | bpc    4.564
| epoch  96 |   400/  604 batches | lr 0.00002 | ms/batch 180.74 | loss  3.15 | ppl    23.29 | bpc    4.542
| epoch  96 |   600/  604 batches | lr 0.00002 | ms/batch 180.62 | loss  3.15 | ppl    23.29 | bpc    4.541
-----------------------------------------------------------------------------------------
| end of epoch  96 | time: 151.56s | valid loss  3.15 | valid ppl    23.28 | valid bpc    4.541
-----------------------------------------------------------------------------------------
| epoch  97 |   200/  604 batches | lr 0.00002 | ms/batch 174.32 | loss  3.16 | ppl    23.66 | bpc    4.564
| epoch  97 |   400/  604 batches | lr 0.00002 | ms/batch 179.28 | loss  3.15 | ppl    23.29 | bpc    4.542
