45994730 total variables
Epoch: 1 Learning rate: 0.200
0.002 perplexity: 11.106 speed: 12831 wps
0.101 perplexity: 3.812 speed: 17374 wps
0.201 perplexity: 3.628 speed: 17391 wps
0.301 perplexity: 3.532 speed: 17397 wps
0.401 perplexity: 3.478 speed: 17403 wps
0.501 perplexity: 3.445 speed: 17403 wps
0.601 perplexity: 3.421 speed: 17400 wps
0.701 perplexity: 3.403 speed: 17397 wps
0.800 perplexity: 3.388 speed: 17392 wps
0.900 perplexity: 3.375 speed: 17389 wps
Epoch: 1 Train Perplexity: 3.365, Bits: 1.751
Epoch: 1 Valid Perplexity (batched): 3.151, Bits: 1.656
Epoch: 1 Test Perplexity (batched): 3.150, Bits: 1.656
Best Batched Valid Perplexity improved to 3.151
Saved to: ./enwik8_87125398_best_model.ckpt
Epoch: 2 Learning rate: 0.200
0.002 perplexity: 3.280 speed: 17024 wps
0.101 perplexity: 3.270 speed: 17378 wps
0.201 perplexity: 3.269 speed: 17374 wps
0.301 perplexity: 3.268 speed: 17367 wps
0.401 perplexity: 3.267 speed: 17368 wps
0.501 perplexity: 3.266 speed: 17370 wps
0.601 perplexity: 3.266 speed: 17371 wps
0.701 perplexity: 3.265 speed: 17374 wps
0.800 perplexity: 3.265 speed: 17376 wps
0.900 perplexity: 3.264 speed: 17376 wps
Epoch: 2 Train Perplexity: 3.263, Bits: 1.706
Epoch: 2 Valid Perplexity (batched): 3.206, Bits: 1.681
Epoch: 2 Test Perplexity (batched): 3.205, Bits: 1.680
Epoch: 3 Learning rate: 0.200
0.002 perplexity: 3.265 speed: 17028 wps
0.101 perplexity: 3.256 speed: 17402 wps
0.201 perplexity: 3.257 speed: 17399 wps
0.301 perplexity: 3.258 speed: 17399 wps
0.401 perplexity: 3.257 speed: 17396 wps
0.501 perplexity: 3.256 speed: 17394 wps
0.601 perplexity: 3.256 speed: 17387 wps
0.701 perplexity: 3.256 speed: 17383 wps
0.800 perplexity: 3.256 speed: 17379 wps
0.900 perplexity: 3.255 speed: 17376 wps
Epoch: 3 Train Perplexity: 3.255, Bits: 1.702
Epoch: 3 Valid Perplexity (batched): 3.180, Bits: 1.669
Epoch: 3 Test Perplexity (batched): 3.179, Bits: 1.668
Epoch: 4 Learning rate: 0.200
0.002 perplexity: 3.260 speed: 16975 wps
0.101 perplexity: 3.250 speed: 17345 wps
0.201 perplexity: 3.248 speed: 17330 wps
0.301 perplexity: 3.249 speed: 17323 wps
0.401 perplexity: 3.248 speed: 17318 wps
0.501 perplexity: 3.248 speed: 17307 wps
0.601 perplexity: 3.248 speed: 17298 wps
0.701 perplexity: 3.248 speed: 17289 wps
0.800 perplexity: 3.248 speed: 17285 wps
0.900 perplexity: 3.248 speed: 17281 wps
Epoch: 4 Train Perplexity: 3.247, Bits: 1.699
Epoch: 4 Valid Perplexity (batched): 3.187, Bits: 1.672
Epoch: 4 Test Perplexity (batched): 3.183, Bits: 1.670
Epoch: 5 Learning rate: 0.200
0.002 perplexity: 3.272 speed: 16947 wps
0.101 perplexity: 3.243 speed: 17263 wps
0.201 perplexity: 3.244 speed: 17248 wps
0.301 perplexity: 3.245 speed: 17238 wps
0.401 perplexity: 3.244 speed: 17235 wps
0.501 perplexity: 3.244 speed: 17233 wps
0.601 perplexity: 3.244 speed: 17233 wps
0.701 perplexity: 3.244 speed: 17227 wps
0.800 perplexity: 3.244 speed: 17224 wps
0.900 perplexity: 3.244 speed: 17220 wps
Epoch: 5 Train Perplexity: 3.244, Bits: 1.698
Epoch: 5 Valid Perplexity (batched): 3.167, Bits: 1.663
Epoch: 5 Test Perplexity (batched): 3.167, Bits: 1.663
