Epoch: 1 Learning rate: 1.000
0.000 perplexity: 192.334 speed: 9389 wps
0.100 perplexity: 43.615 speed: 39422 wps
0.200 perplexity: 43.872 speed: 39150 wps
0.300 perplexity: 43.912 speed: 39134 wps
0.400 perplexity: 43.723 speed: 39086 wps
0.500 perplexity: 43.649 speed: 39084 wps
0.600 perplexity: 43.709 speed: 39059 wps
0.700 perplexity: 42.761 speed: 39037 wps
0.800 perplexity: 41.098 speed: 38920 wps
0.900 perplexity: 39.743 speed: 38899 wps
Epoch: 1 Train Perplexity: 38.660
Epoch: 1 Valid Perplexity: 20.596
Epoch: 2 Learning rate: 1.000
0.000 perplexity: 34.173 speed: 39399 wps
0.100 perplexity: 30.076 speed: 38960 wps
0.200 perplexity: 29.984 speed: 38930 wps
0.300 perplexity: 29.964 speed: 39227 wps
0.400 perplexity: 29.898 speed: 39935 wps
0.500 perplexity: 29.854 speed: 39798 wps
0.600 perplexity: 29.848 speed: 40134 wps
0.700 perplexity: 29.853 speed: 39978 wps
0.800 perplexity: 29.852 speed: 39988 wps
0.900 perplexity: 29.849 speed: 39945 wps
Epoch: 2 Train Perplexity: 29.835
Epoch: 2 Valid Perplexity: 40.765
Epoch: 3 Learning rate: 1.000
0.000 perplexity: 32.004 speed: 38822 wps
0.100 perplexity: 29.579 speed: 45762 wps
0.200 perplexity: 29.668 speed: 42294 wps
0.300 perplexity: 29.619 speed: 41490 wps
0.400 perplexity: 29.614 speed: 40809 wps
0.500 perplexity: 29.609 speed: 40521 wps
0.600 perplexity: 29.630 speed: 40201 wps
0.700 perplexity: 29.638 speed: 40063 wps
0.800 perplexity: 29.652 speed: 39852 wps
0.900 perplexity: 29.631 speed: 39855 wps
Epoch: 3 Train Perplexity: 29.632
Epoch: 3 Valid Perplexity: 127.137
Epoch: 4 Learning rate: 1.000
0.000 perplexity: 31.544 speed: 27543 wps
0.100 perplexity: 29.707 speed: 38730 wps
0.200 perplexity: 29.558 speed: 39006 wps
0.300 perplexity: 29.560 speed: 38866 wps
0.400 perplexity: 29.638 speed: 38865 wps
0.500 perplexity: 29.626 speed: 38761 wps
0.600 perplexity: 29.617 speed: 38802 wps
0.700 perplexity: 29.604 speed: 38745 wps
0.800 perplexity: 29.637 speed: 38780 wps
0.900 perplexity: 29.628 speed: 38773 wps
Epoch: 4 Train Perplexity: 29.634
Epoch: 4 Valid Perplexity: 31.939
Epoch: 5 Learning rate: 1.000
0.000 perplexity: 28.446 speed: 35585 wps
0.100 perplexity: 29.646 speed: 39528 wps
0.200 perplexity: 29.728 speed: 39129 wps
0.300 perplexity: 29.688 speed: 39317 wps
0.400 perplexity: 29.693 speed: 39779 wps
0.500 perplexity: 29.667 speed: 40216 wps
0.600 perplexity: 29.653 speed: 40074 wps
0.700 perplexity: 29.652 speed: 40196 wps
0.800 perplexity: 29.654 speed: 40442 wps
0.900 perplexity: 29.633 speed: 40397 wps
Epoch: 5 Train Perplexity: 29.616
Epoch: 5 Valid Perplexity: 6.973
Epoch: 6 Learning rate: 1.000
0.000 perplexity: 30.648 speed: 41323 wps
0.100 perplexity: 29.528 speed: 43353 wps
0.200 perplexity: 29.460 speed: 43352 wps
0.300 perplexity: 29.528 speed: 43744 wps
0.400 perplexity: 29.539 speed: 43891 wps
0.500 perplexity: 29.506 speed: 43454 wps
0.600 perplexity: 29.507 speed: 42660 wps
0.700 perplexity: 29.504 speed: 42227 wps
0.800 perplexity: 29.547 speed: 41791 wps
0.900 perplexity: 29.555 speed: 41674 wps
Epoch: 6 Train Perplexity: 29.540
Epoch: 6 Valid Perplexity: 13.442
Epoch: 7 Learning rate: 1.000
0.000 perplexity: 29.872 speed: 30381 wps
0.100 perplexity: 29.546 speed: 40143 wps
0.200 perplexity: 29.413 speed: 40281 wps
0.300 perplexity: 29.490 speed: 39785 wps
0.400 perplexity: 29.531 speed: 39568 wps
0.500 perplexity: 29.508 speed: 39706 wps
0.600 perplexity: 29.521 speed: 39704 wps
0.700 perplexity: 29.534 speed: 39629 wps
0.800 perplexity: 29.528 speed: 39638 wps
0.900 perplexity: 29.548 speed: 39621 wps
Epoch: 7 Train Perplexity: 29.533
Epoch: 7 Valid Perplexity: 28.150
Epoch: 8 Learning rate: 1.000
0.000 perplexity: 29.199 speed: 31429 wps
0.100 perplexity: 29.491 speed: 38762 wps
0.200 perplexity: 29.572 speed: 38691 wps
0.300 perplexity: 29.578 speed: 38685 wps
0.400 perplexity: 29.576 speed: 38801 wps
0.500 perplexity: 29.541 speed: 38750 wps
0.600 perplexity: 29.541 speed: 38769 wps
0.700 perplexity: 29.574 speed: 38892 wps
0.800 perplexity: 29.608 speed: 38984 wps
0.900 perplexity: 29.598 speed: 38924 wps
Epoch: 8 Train Perplexity: 29.593
Epoch: 8 Valid Perplexity: 67.019
Epoch: 9 Learning rate: 1.000
0.000 perplexity: 36.054 speed: 34584 wps
0.100 perplexity: 29.666 speed: 39265 wps
0.200 perplexity: 29.516 speed: 39179 wps
0.300 perplexity: 29.615 speed: 39170 wps
0.400 perplexity: 29.568 speed: 39286 wps
0.500 perplexity: 29.527 speed: 39862 wps
0.600 perplexity: 29.543 speed: 40077 wps
0.700 perplexity: 29.521 speed: 39922 wps
0.800 perplexity: 29.543 speed: 39778 wps
0.900 perplexity: 29.539 speed: 39654 wps
Epoch: 9 Train Perplexity: 29.562
Epoch: 9 Valid Perplexity: 13.296
Epoch: 10 Learning rate: 1.000
0.000 perplexity: 30.554 speed: 38203 wps
0.100 perplexity: 29.393 speed: 38845 wps
0.200 perplexity: 29.468 speed: 38977 wps
0.300 perplexity: 29.461 speed: 38803 wps
0.400 perplexity: 29.554 speed: 38813 wps
0.500 perplexity: 29.505 speed: 38846 wps
0.600 perplexity: 29.531 speed: 38932 wps
0.700 perplexity: 29.547 speed: 38945 wps
0.800 perplexity: 29.548 speed: 38974 wps
0.900 perplexity: 29.571 speed: 39019 wps
Epoch: 10 Train Perplexity: 29.565
Epoch: 10 Valid Perplexity: 79.637
Epoch: 11 Learning rate: 1.000
0.000 perplexity: 25.561 speed: 32296 wps
0.100 perplexity: 29.606 speed: 39590 wps
0.200 perplexity: 29.509 speed: 39258 wps
0.300 perplexity: 29.506 speed: 39227 wps
0.400 perplexity: 29.547 speed: 39166 wps
0.500 perplexity: 29.468 speed: 39153 wps
0.600 perplexity: 29.519 speed: 39179 wps
0.700 perplexity: 29.508 speed: 39103 wps
0.800 perplexity: 29.535 speed: 39050 wps
0.900 perplexity: 29.517 speed: 38984 wps
Epoch: 11 Train Perplexity: 29.514
Epoch: 11 Valid Perplexity: 22.047
Epoch: 12 Learning rate: 1.000
0.000 perplexity: 28.604 speed: 29524 wps
0.100 perplexity: 29.747 speed: 38654 wps
0.200 perplexity: 29.567 speed: 40376 wps
0.300 perplexity: 29.569 speed: 39915 wps
0.400 perplexity: 29.645 speed: 39824 wps
0.500 perplexity: 29.628 speed: 39640 wps
0.600 perplexity: 29.627 speed: 39624 wps
0.700 perplexity: 29.646 speed: 39602 wps
0.800 perplexity: 29.630 speed: 39465 wps
0.900 perplexity: 29.615 speed: 39413 wps
Epoch: 12 Train Perplexity: 29.596
Epoch: 12 Valid Perplexity: 80.572
Epoch: 13 Learning rate: 1.000
0.000 perplexity: 29.508 speed: 34394 wps
0.100 perplexity: 29.672 speed: 38900 wps
0.200 perplexity: 29.466 speed: 39290 wps
0.300 perplexity: 29.476 speed: 39131 wps
0.400 perplexity: 29.462 speed: 39089 wps
0.500 perplexity: 29.414 speed: 38997 wps
0.600 perplexity: 29.409 speed: 39056 wps
0.700 perplexity: 29.452 speed: 39098 wps
0.800 perplexity: 29.455 speed: 39119 wps
0.900 perplexity: 29.468 speed: 39113 wps
Epoch: 13 Train Perplexity: 29.470
Epoch: 13 Valid Perplexity: 80.270
Epoch: 14 Learning rate: 1.000
0.000 perplexity: 30.734 speed: 41593 wps
0.100 perplexity: 29.681 speed: 38838 wps
0.200 perplexity: 29.656 speed: 39100 wps
0.300 perplexity: 29.630 speed: 38949 wps
0.400 perplexity: 29.582 speed: 39023 wps
0.500 perplexity: 29.561 speed: 38862 wps
0.600 perplexity: 29.503 speed: 38913 wps
0.700 perplexity: 29.522 speed: 38968 wps
0.800 perplexity: 29.566 speed: 38989 wps
0.900 perplexity: 29.575 speed: 38949 wps
Epoch: 14 Train Perplexity: 29.585
Epoch: 14 Valid Perplexity: 16.615
Epoch: 15 Learning rate: 0.870
0.000 perplexity: 19.562 speed: 34118 wps
0.100 perplexity: 19.080 speed: 39052 wps
0.200 perplexity: 19.121 speed: 39072 wps
0.300 perplexity: 19.108 speed: 38870 wps
0.400 perplexity: 19.152 speed: 38990 wps
0.500 perplexity: 19.128 speed: 38959 wps
0.600 perplexity: 19.133 speed: 39000 wps
0.700 perplexity: 19.142 speed: 38991 wps
0.800 perplexity: 19.130 speed: 39009 wps
0.900 perplexity: 19.136 speed: 38967 wps
Epoch: 15 Train Perplexity: 19.135
Epoch: 15 Valid Perplexity: 6.529
Epoch: 16 Learning rate: 0.756
0.000 perplexity: 13.421 speed: 39090 wps
0.100 perplexity: 13.323 speed: 38781 wps
0.200 perplexity: 13.311 speed: 38936 wps
0.300 perplexity: 13.355 speed: 38987 wps
0.400 perplexity: 13.363 speed: 39151 wps
0.500 perplexity: 13.361 speed: 39080 wps
0.600 perplexity: 13.356 speed: 38998 wps
0.700 perplexity: 13.346 speed: 38945 wps
0.800 perplexity: 13.348 speed: 38963 wps
0.900 perplexity: 13.347 speed: 39010 wps
Epoch: 16 Train Perplexity: 13.344
Epoch: 16 Valid Perplexity: 8.237
Epoch: 17 Learning rate: 0.658
0.000 perplexity: 9.715 speed: 27493 wps
0.100 perplexity: 9.954 speed: 39559 wps
0.200 perplexity: 9.949 speed: 39150 wps
0.300 perplexity: 9.949 speed: 39270 wps
0.400 perplexity: 9.946 speed: 39185 wps
0.500 perplexity: 9.945 speed: 39233 wps
0.600 perplexity: 9.943 speed: 39151 wps
0.700 perplexity: 9.942 speed: 39102 wps
0.800 perplexity: 9.944 speed: 39130 wps
0.900 perplexity: 9.946 speed: 39175 wps
Epoch: 17 Train Perplexity: 9.946
Epoch: 17 Valid Perplexity: 10.153
Epoch: 18 Learning rate: 0.572
0.000 perplexity: 8.452 speed: 41242 wps
0.100 perplexity: 7.808 speed: 38711 wps
0.200 perplexity: 7.808 speed: 38711 wps
0.300 perplexity: 7.808 speed: 38743 wps
0.400 perplexity: 7.808 speed: 38757 wps
0.500 perplexity: 7.808 speed: 38936 wps
0.600 perplexity: 7.811 speed: 38840 wps
0.700 perplexity: 7.812 speed: 38819 wps
0.800 perplexity: 7.810 speed: 38898 wps
0.900 perplexity: 7.809 speed: 38888 wps
Epoch: 18 Train Perplexity: 7.807
Epoch: 18 Valid Perplexity: 7.541
Epoch: 19 Learning rate: 0.497
0.000 perplexity: 6.639 speed: 37931 wps
0.100 perplexity: 6.383 speed: 39115 wps
0.200 perplexity: 6.381 speed: 39371 wps
0.300 perplexity: 6.382 speed: 39402 wps
0.400 perplexity: 6.381 speed: 39380 wps
0.500 perplexity: 6.381 speed: 39262 wps
0.600 perplexity: 6.380 speed: 39222 wps
0.700 perplexity: 6.380 speed: 39135 wps
0.800 perplexity: 6.379 speed: 39102 wps
0.900 perplexity: 6.379 speed: 39066 wps
Epoch: 19 Train Perplexity: 6.378
Epoch: 19 Valid Perplexity: 6.259
Epoch: 20 Learning rate: 0.432
0.000 perplexity: 5.452 speed: 31351 wps
0.100 perplexity: 5.386 speed: 39120 wps
0.200 perplexity: 5.382 speed: 38846 wps
0.300 perplexity: 5.380 speed: 38969 wps
0.400 perplexity: 5.380 speed: 39073 wps
0.500 perplexity: 5.380 speed: 38967 wps
0.600 perplexity: 5.379 speed: 38943 wps
0.700 perplexity: 5.378 speed: 39021 wps
0.800 perplexity: 5.378 speed: 39016 wps
0.900 perplexity: 5.377 speed: 39071 wps
Epoch: 20 Train Perplexity: 5.377
Epoch: 20 Valid Perplexity: 5.383
Epoch: 21 Learning rate: 0.376
0.000 perplexity: 4.800 speed: 34844 wps
0.100 perplexity: 4.662 speed: 38980 wps
0.200 perplexity: 4.661 speed: 38744 wps
0.300 perplexity: 4.663 speed: 39050 wps
0.400 perplexity: 4.664 speed: 39081 wps
0.500 perplexity: 4.664 speed: 39136 wps
0.600 perplexity: 4.664 speed: 38998 wps
0.700 perplexity: 4.665 speed: 38959 wps
0.800 perplexity: 4.665 speed: 38957 wps
0.900 perplexity: 4.664 speed: 38933 wps
Epoch: 21 Train Perplexity: 4.663
Epoch: 21 Valid Perplexity: 4.715
Epoch: 22 Learning rate: 0.327
0.000 perplexity: 4.202 speed: 32562 wps
0.100 perplexity: 4.151 speed: 38696 wps
0.200 perplexity: 4.150 speed: 38939 wps
0.300 perplexity: 4.149 speed: 38970 wps
0.400 perplexity: 4.149 speed: 38893 wps
0.500 perplexity: 4.149 speed: 38974 wps
0.600 perplexity: 4.149 speed: 38954 wps
0.700 perplexity: 4.148 speed: 38943 wps
0.800 perplexity: 4.148 speed: 39001 wps
0.900 perplexity: 4.148 speed: 39003 wps
Epoch: 22 Train Perplexity: 4.148
Epoch: 22 Valid Perplexity: 4.164
Epoch: 23 Learning rate: 0.284
0.000 perplexity: 3.864 speed: 39970 wps
0.100 perplexity: 3.768 speed: 39142 wps
0.200 perplexity: 3.768 speed: 39071 wps
0.300 perplexity: 3.769 speed: 38913 wps
0.400 perplexity: 3.770 speed: 38989 wps
0.500 perplexity: 3.769 speed: 39040 wps
0.600 perplexity: 3.770 speed: 38969 wps
0.700 perplexity: 3.770 speed: 38948 wps
0.800 perplexity: 3.770 speed: 38974 wps
0.900 perplexity: 3.770 speed: 39036 wps
Epoch: 23 Train Perplexity: 3.769
Epoch: 23 Valid Perplexity: 3.820
Epoch: 24 Learning rate: 0.247
0.000 perplexity: 3.541 speed: 33060 wps
0.100 perplexity: 3.491 speed: 38951 wps
0.200 perplexity: 3.491 speed: 39023 wps
0.300 perplexity: 3.490 speed: 38876 wps
0.400 perplexity: 3.491 speed: 38894 wps
0.500 perplexity: 3.491 speed: 38963 wps
0.600 perplexity: 3.491 speed: 38954 wps
0.700 perplexity: 3.490 speed: 38938 wps
0.800 perplexity: 3.491 speed: 38943 wps
0.900 perplexity: 3.491 speed: 38905 wps
Epoch: 24 Train Perplexity: 3.491
Epoch: 24 Valid Perplexity: 3.547
Epoch: 25 Learning rate: 0.215
0.000 perplexity: 3.345 speed: 42000 wps
0.100 perplexity: 3.281 speed: 38844 wps
0.200 perplexity: 3.281 speed: 38749 wps
0.300 perplexity: 3.281 speed: 38766 wps
0.400 perplexity: 3.282 speed: 38871 wps
0.500 perplexity: 3.282 speed: 38887 wps
0.600 perplexity: 3.282 speed: 38857 wps
0.700 perplexity: 3.283 speed: 38888 wps
0.800 perplexity: 3.283 speed: 38964 wps
0.900 perplexity: 3.282 speed: 38943 wps
Epoch: 25 Train Perplexity: 3.282
Epoch: 25 Valid Perplexity: 3.292
Epoch: 26 Learning rate: 0.187
0.000 perplexity: 3.126 speed: 25675 wps
0.100 perplexity: 3.122 speed: 39595 wps
0.200 perplexity: 3.121 speed: 39273 wps
0.300 perplexity: 3.121 speed: 39297 wps
0.400 perplexity: 3.122 speed: 39272 wps
0.500 perplexity: 3.121 speed: 39130 wps
0.600 perplexity: 3.122 speed: 39067 wps
0.700 perplexity: 3.121 speed: 39071 wps
0.800 perplexity: 3.122 speed: 39035 wps
0.900 perplexity: 3.122 speed: 39073 wps
Epoch: 26 Train Perplexity: 3.122
Epoch: 26 Valid Perplexity: 3.173
Epoch: 27 Learning rate: 0.163
0.000 perplexity: 3.042 speed: 30633 wps
0.100 perplexity: 2.946 speed: 39086 wps
0.200 perplexity: 2.943 speed: 38990 wps
0.300 perplexity: 2.942 speed: 38940 wps
0.400 perplexity: 2.941 speed: 39079 wps
0.500 perplexity: 2.942 speed: 38995 wps
0.600 perplexity: 2.942 speed: 39002 wps
0.700 perplexity: 2.942 speed: 38958 wps
0.800 perplexity: 2.941 speed: 38954 wps
0.900 perplexity: 2.940 speed: 38968 wps
Epoch: 27 Train Perplexity: 2.940
Epoch: 27 Valid Perplexity: 3.053
Epoch: 28 Learning rate: 0.141
0.000 perplexity: 2.750 speed: 42658 wps
0.100 perplexity: 2.704 speed: 38740 wps
0.200 perplexity: 2.704 speed: 38836 wps
0.300 perplexity: 2.704 speed: 38948 wps
0.400 perplexity: 2.705 speed: 39002 wps
0.500 perplexity: 2.705 speed: 38977 wps
0.600 perplexity: 2.704 speed: 39047 wps
0.700 perplexity: 2.705 speed: 39098 wps
0.800 perplexity: 2.705 speed: 39118 wps
0.900 perplexity: 2.705 speed: 39057 wps
Epoch: 28 Train Perplexity: 2.705
Epoch: 28 Valid Perplexity: 2.717
Epoch: 29 Learning rate: 0.123
0.000 perplexity: 2.722 speed: 36056 wps
0.100 perplexity: 2.668 speed: 38913 wps
0.200 perplexity: 2.668 speed: 39039 wps
0.300 perplexity: 2.668 speed: 38870 wps
0.400 perplexity: 2.669 speed: 38968 wps
0.500 perplexity: 2.669 speed: 38901 wps
0.600 perplexity: 2.669 speed: 38990 wps
0.700 perplexity: 2.669 speed: 38982 wps
0.800 perplexity: 2.669 speed: 38960 wps
0.900 perplexity: 2.669 speed: 38881 wps
Epoch: 29 Train Perplexity: 2.669
Epoch: 29 Valid Perplexity: 2.669
Epoch: 30 Learning rate: 0.107
0.000 perplexity: 2.723 speed: 39247 wps
0.100 perplexity: 2.662 speed: 39628 wps
0.200 perplexity: 2.662 speed: 39451 wps
0.300 perplexity: 2.662 speed: 39161 wps
0.400 perplexity: 2.663 speed: 39065 wps
0.500 perplexity: 2.662 speed: 38973 wps
0.600 perplexity: 2.663 speed: 38991 wps
0.700 perplexity: 2.663 speed: 38943 wps
0.800 perplexity: 2.663 speed: 38945 wps
0.900 perplexity: 2.663 speed: 38957 wps
Epoch: 30 Train Perplexity: 2.663
Epoch: 30 Valid Perplexity: 2.664
Epoch: 31 Learning rate: 0.093
0.000 perplexity: 2.719 speed: 39621 wps
0.100 perplexity: 2.659 speed: 39456 wps
0.200 perplexity: 2.659 speed: 39322 wps
0.300 perplexity: 2.659 speed: 39281 wps
0.400 perplexity: 2.660 speed: 39097 wps
0.500 perplexity: 2.659 speed: 39139 wps
0.600 perplexity: 2.660 speed: 39078 wps
0.700 perplexity: 2.660 speed: 39120 wps
0.800 perplexity: 2.660 speed: 39122 wps
0.900 perplexity: 2.660 speed: 39138 wps
Epoch: 31 Train Perplexity: 2.660
Epoch: 31 Valid Perplexity: 2.662
Epoch: 32 Learning rate: 0.081
0.000 perplexity: 2.702 speed: 35460 wps
0.100 perplexity: 2.658 speed: 39181 wps
0.200 perplexity: 2.657 speed: 38950 wps
0.300 perplexity: 2.657 speed: 39124 wps
0.400 perplexity: 2.658 speed: 39075 wps
0.500 perplexity: 2.658 speed: 39032 wps
0.600 perplexity: 2.658 speed: 39154 wps
0.700 perplexity: 2.658 speed: 39133 wps
0.800 perplexity: 2.659 speed: 39052 wps
0.900 perplexity: 2.658 speed: 39056 wps
Epoch: 32 Train Perplexity: 2.658
Epoch: 32 Valid Perplexity: 2.661
Epoch: 33 Learning rate: 0.070
0.000 perplexity: 2.705 speed: 36336 wps
0.100 perplexity: 2.656 speed: 39036 wps
0.200 perplexity: 2.656 speed: 38931 wps
0.300 perplexity: 2.656 speed: 38997 wps
0.400 perplexity: 2.657 speed: 39045 wps
0.500 perplexity: 2.657 speed: 38977 wps
0.600 perplexity: 2.657 speed: 38943 wps
0.700 perplexity: 2.657 speed: 38920 wps
0.800 perplexity: 2.657 speed: 38931 wps
0.900 perplexity: 2.657 speed: 38976 wps
Epoch: 33 Train Perplexity: 2.657
Epoch: 33 Valid Perplexity: 2.658
Epoch: 34 Learning rate: 0.061
0.000 perplexity: 2.704 speed: 40918 wps
0.100 perplexity: 2.655 speed: 39285 wps
0.200 perplexity: 2.655 speed: 39002 wps
0.300 perplexity: 2.655 speed: 38824 wps
0.400 perplexity: 2.656 speed: 38885 wps
0.500 perplexity: 2.655 speed: 38927 wps
0.600 perplexity: 2.656 speed: 38973 wps
0.700 perplexity: 2.656 speed: 39006 wps
0.800 perplexity: 2.656 speed: 38981 wps
0.900 perplexity: 2.656 speed: 38989 wps
Epoch: 34 Train Perplexity: 2.656
Epoch: 34 Valid Perplexity: 2.657
Epoch: 35 Learning rate: 0.053
0.000 perplexity: 2.688 speed: 34167 wps
0.100 perplexity: 2.654 speed: 38388 wps
0.200 perplexity: 2.654 speed: 38648 wps
0.300 perplexity: 2.654 speed: 38809 wps
0.400 perplexity: 2.655 speed: 38843 wps
0.500 perplexity: 2.654 speed: 38905 wps
0.600 perplexity: 2.655 speed: 38914 wps
0.700 perplexity: 2.655 speed: 38922 wps
0.800 perplexity: 2.655 speed: 38904 wps
0.900 perplexity: 2.655 speed: 38943 wps
Epoch: 35 Train Perplexity: 2.655
Epoch: 35 Valid Perplexity: 2.655
Epoch: 36 Learning rate: 0.046
0.000 perplexity: 2.676 speed: 40565 wps
0.100 perplexity: 2.653 speed: 39208 wps
0.200 perplexity: 2.653 speed: 38943 wps
0.300 perplexity: 2.653 speed: 38986 wps
0.400 perplexity: 2.653 speed: 39057 wps
0.500 perplexity: 2.653 speed: 39025 wps
0.600 perplexity: 2.653 speed: 38970 wps
0.700 perplexity: 2.654 speed: 38949 wps
0.800 perplexity: 2.654 speed: 38908 wps
0.900 perplexity: 2.653 speed: 38899 wps
Epoch: 36 Train Perplexity: 2.653
Epoch: 36 Valid Perplexity: 2.653
Epoch: 37 Learning rate: 0.040
0.000 perplexity: 2.680 speed: 34702 wps
0.100 perplexity: 2.652 speed: 39228 wps
0.200 perplexity: 2.651 speed: 38990 wps
0.300 perplexity: 2.651 speed: 38884 wps
0.400 perplexity: 2.652 speed: 38947 wps
0.500 perplexity: 2.651 speed: 38935 wps
0.600 perplexity: 2.652 speed: 38926 wps
0.700 perplexity: 2.652 speed: 38974 wps
0.800 perplexity: 2.652 speed: 38946 wps
0.900 perplexity: 2.652 speed: 38982 wps
Epoch: 37 Train Perplexity: 2.652
Epoch: 37 Valid Perplexity: 2.651
Epoch: 38 Learning rate: 0.035
0.000 perplexity: 2.674 speed: 34191 wps
0.100 perplexity: 2.650 speed: 39046 wps
0.200 perplexity: 2.650 speed: 39203 wps
0.300 perplexity: 2.650 speed: 39154 wps
0.400 perplexity: 2.651 speed: 39131 wps
0.500 perplexity: 2.650 speed: 39215 wps
0.600 perplexity: 2.651 speed: 39210 wps
0.700 perplexity: 2.651 speed: 39120 wps
0.800 perplexity: 2.651 speed: 39108 wps
0.900 perplexity: 2.651 speed: 39037 wps
Epoch: 38 Train Perplexity: 2.651
Epoch: 38 Valid Perplexity: 2.650
Epoch: 39 Learning rate: 0.030
0.000 perplexity: 2.680 speed: 39163 wps
0.100 perplexity: 2.649 speed: 38993 wps
0.200 perplexity: 2.649 speed: 39346 wps
0.300 perplexity: 2.649 speed: 39451 wps
0.400 perplexity: 2.650 speed: 39381 wps
0.500 perplexity: 2.649 speed: 39216 wps
0.600 perplexity: 2.650 speed: 39159 wps
0.700 perplexity: 2.650 speed: 39158 wps
0.800 perplexity: 2.650 speed: 39136 wps
0.900 perplexity: 2.650 speed: 39165 wps
Epoch: 39 Train Perplexity: 2.650
Epoch: 39 Valid Perplexity: 2.648
Epoch: 40 Learning rate: 0.026
0.000 perplexity: 2.670 speed: 33740 wps
0.100 perplexity: 2.648 speed: 39054 wps
0.200 perplexity: 2.648 speed: 38731 wps
0.300 perplexity: 2.648 speed: 38829 wps
0.400 perplexity: 2.649 speed: 38687 wps
0.500 perplexity: 2.648 speed: 38780 wps
0.600 perplexity: 2.649 speed: 38847 wps
0.700 perplexity: 2.649 speed: 38811 wps
0.800 perplexity: 2.649 speed: 38835 wps
0.900 perplexity: 2.649 speed: 38892 wps
Epoch: 40 Train Perplexity: 2.649
Epoch: 40 Valid Perplexity: 2.646
Epoch: 41 Learning rate: 0.023
0.000 perplexity: 2.670 speed: 34185 wps
0.100 perplexity: 2.647 speed: 38941 wps
0.200 perplexity: 2.647 speed: 39062 wps
0.300 perplexity: 2.647 speed: 38976 wps
0.400 perplexity: 2.647 speed: 39178 wps
0.500 perplexity: 2.647 speed: 39182 wps
0.600 perplexity: 2.647 speed: 39034 wps
0.700 perplexity: 2.647 speed: 39031 wps
0.800 perplexity: 2.648 speed: 39023 wps
0.900 perplexity: 2.647 speed: 38984 wps
Epoch: 41 Train Perplexity: 2.647
Epoch: 41 Valid Perplexity: 2.645
Epoch: 42 Learning rate: 0.020
0.000 perplexity: 2.668 speed: 35844 wps
0.100 perplexity: 2.646 speed: 38948 wps
0.200 perplexity: 2.645 speed: 38870 wps
0.300 perplexity: 2.646 speed: 38839 wps
0.400 perplexity: 2.646 speed: 38847 wps
0.500 perplexity: 2.646 speed: 38949 wps
0.600 perplexity: 2.646 speed: 38857 wps
0.700 perplexity: 2.646 speed: 38887 wps
0.800 perplexity: 2.647 speed: 38892 wps
0.900 perplexity: 2.646 speed: 38914 wps
Epoch: 42 Train Perplexity: 2.646
Epoch: 42 Valid Perplexity: 2.644
Epoch: 43 Learning rate: 0.017
0.000 perplexity: 2.663 speed: 38614 wps
0.100 perplexity: 2.645 speed: 39483 wps
0.200 perplexity: 2.645 speed: 38932 wps
0.300 perplexity: 2.645 speed: 39147 wps
0.400 perplexity: 2.645 speed: 39000 wps
0.500 perplexity: 2.645 speed: 38868 wps
0.600 perplexity: 2.645 speed: 38837 wps
0.700 perplexity: 2.645 speed: 38814 wps
0.800 perplexity: 2.646 speed: 38799 wps
0.900 perplexity: 2.645 speed: 38820 wps
Epoch: 43 Train Perplexity: 2.645
Epoch: 43 Valid Perplexity: 2.644
Epoch: 44 Learning rate: 0.015
0.000 perplexity: 2.661 speed: 37772 wps
0.100 perplexity: 2.644 speed: 38944 wps
0.200 perplexity: 2.643 speed: 38891 wps
0.300 perplexity: 2.644 speed: 38870 wps
0.400 perplexity: 2.644 speed: 38815 wps
0.500 perplexity: 2.644 speed: 38819 wps
0.600 perplexity: 2.644 speed: 38803 wps
0.700 perplexity: 2.644 speed: 38810 wps
0.800 perplexity: 2.645 speed: 38879 wps
0.900 perplexity: 2.644 speed: 38971 wps
Epoch: 44 Train Perplexity: 2.644
Epoch: 44 Valid Perplexity: 2.642
Epoch: 45 Learning rate: 0.013
0.000 perplexity: 2.659 speed: 38660 wps
0.100 perplexity: 2.643 speed: 38777 wps
0.200 perplexity: 2.642 speed: 38683 wps
0.300 perplexity: 2.642 speed: 38570 wps
0.400 perplexity: 2.643 speed: 38823 wps
0.500 perplexity: 2.643 speed: 38956 wps
0.600 perplexity: 2.643 speed: 38962 wps
0.700 perplexity: 2.643 speed: 38984 wps
0.800 perplexity: 2.644 speed: 38972 wps
0.900 perplexity: 2.643 speed: 38978 wps
Epoch: 45 Train Perplexity: 2.643
Epoch: 45 Valid Perplexity: 2.641
Epoch: 46 Learning rate: 0.011
0.000 perplexity: 2.656 speed: 37136 wps
0.100 perplexity: 2.642 speed: 39040 wps
0.200 perplexity: 2.641 speed: 39107 wps
0.300 perplexity: 2.641 speed: 39213 wps
0.400 perplexity: 2.642 speed: 39098 wps
0.500 perplexity: 2.642 speed: 39030 wps
0.600 perplexity: 2.642 speed: 39092 wps
0.700 perplexity: 2.642 speed: 39072 wps
0.800 perplexity: 2.642 speed: 39170 wps
0.900 perplexity: 2.642 speed: 39177 wps
Epoch: 46 Train Perplexity: 2.642
Epoch: 46 Valid Perplexity: 2.639
Epoch: 47 Learning rate: 0.010
0.000 perplexity: 2.652 speed: 37258 wps
0.100 perplexity: 2.640 speed: 39169 wps
0.200 perplexity: 2.640 speed: 39097 wps
0.300 perplexity: 2.640 speed: 39354 wps
0.400 perplexity: 2.640 speed: 39198 wps
0.500 perplexity: 2.640 speed: 39463 wps
0.600 perplexity: 2.640 speed: 39386 wps
0.700 perplexity: 2.640 speed: 39220 wps
0.800 perplexity: 2.641 speed: 39192 wps
0.900 perplexity: 2.640 speed: 39153 wps
Epoch: 47 Train Perplexity: 2.640
Epoch: 47 Valid Perplexity: 2.637
Epoch: 48 Learning rate: 0.009
0.000 perplexity: 2.652 speed: 41291 wps
0.100 perplexity: 2.638 speed: 39075 wps
0.200 perplexity: 2.638 speed: 39067 wps
0.300 perplexity: 2.638 speed: 39024 wps
0.400 perplexity: 2.639 speed: 38974 wps
0.500 perplexity: 2.638 speed: 38971 wps
0.600 perplexity: 2.639 speed: 38957 wps
0.700 perplexity: 2.639 speed: 38954 wps
0.800 perplexity: 2.639 speed: 38944 wps
0.900 perplexity: 2.639 speed: 39019 wps
Epoch: 48 Train Perplexity: 2.639
Epoch: 48 Valid Perplexity: 2.635
Epoch: 49 Learning rate: 0.008
0.000 perplexity: 2.651 speed: 28846 wps
0.100 perplexity: 2.637 speed: 38639 wps
0.200 perplexity: 2.636 speed: 38800 wps
0.300 perplexity: 2.636 speed: 38808 wps
0.400 perplexity: 2.637 speed: 38826 wps
0.500 perplexity: 2.637 speed: 38834 wps
0.600 perplexity: 2.637 speed: 38902 wps
0.700 perplexity: 2.637 speed: 38893 wps
0.800 perplexity: 2.638 speed: 38908 wps
0.900 perplexity: 2.637 speed: 38899 wps
Epoch: 49 Train Perplexity: 2.637
Epoch: 49 Valid Perplexity: 2.634
Epoch: 50 Learning rate: 0.007
0.000 perplexity: 2.655 speed: 33926 wps
0.100 perplexity: 2.636 speed: 39062 wps
0.200 perplexity: 2.635 speed: 39181 wps
0.300 perplexity: 2.635 speed: 39114 wps
0.400 perplexity: 2.636 speed: 38998 wps
0.500 perplexity: 2.636 speed: 39060 wps
0.600 perplexity: 2.636 speed: 39015 wps
0.700 perplexity: 2.636 speed: 39094 wps
0.800 perplexity: 2.636 speed: 39073 wps
0.900 perplexity: 2.636 speed: 39032 wps
Epoch: 50 Train Perplexity: 2.636
Epoch: 50 Valid Perplexity: 2.633
Epoch: 51 Learning rate: 0.006
0.000 perplexity: 2.645 speed: 31198 wps
0.100 perplexity: 2.635 speed: 39353 wps
0.200 perplexity: 2.634 speed: 39258 wps
0.300 perplexity: 2.634 speed: 39289 wps
0.400 perplexity: 2.635 speed: 39275 wps
0.500 perplexity: 2.635 speed: 39095 wps
0.600 perplexity: 2.635 speed: 39056 wps
0.700 perplexity: 2.635 speed: 39058 wps
0.800 perplexity: 2.636 speed: 39006 wps
0.900 perplexity: 2.635 speed: 39036 wps
Epoch: 51 Train Perplexity: 2.635
Epoch: 51 Valid Perplexity: 2.632
Epoch: 52 Learning rate: 0.005
0.000 perplexity: 2.648 speed: 35170 wps
0.100 perplexity: 2.634 speed: 38892 wps
0.200 perplexity: 2.634 speed: 39177 wps
0.300 perplexity: 2.634 speed: 39230 wps
0.400 perplexity: 2.634 speed: 39196 wps
0.500 perplexity: 2.634 speed: 39120 wps
0.600 perplexity: 2.635 speed: 39090 wps
0.700 perplexity: 2.635 speed: 39117 wps
0.800 perplexity: 2.635 speed: 39048 wps
0.900 perplexity: 2.635 speed: 38986 wps
Epoch: 52 Train Perplexity: 2.634
Epoch: 52 Valid Perplexity: 2.632
Epoch: 53 Learning rate: 0.004
0.000 perplexity: 2.649 speed: 36098 wps
0.100 perplexity: 2.633 speed: 38913 wps
0.200 perplexity: 2.633 speed: 39253 wps
0.300 perplexity: 2.633 speed: 39110 wps
0.400 perplexity: 2.634 speed: 39047 wps
0.500 perplexity: 2.633 speed: 39036 wps
0.600 perplexity: 2.634 speed: 39077 wps
0.700 perplexity: 2.634 speed: 39054 wps
0.800 perplexity: 2.634 speed: 39024 wps
0.900 perplexity: 2.634 speed: 38968 wps
Epoch: 53 Train Perplexity: 2.634
Epoch: 53 Valid Perplexity: 2.631
Epoch: 54 Learning rate: 0.004
0.000 perplexity: 2.642 speed: 34301 wps
0.100 perplexity: 2.633 speed: 39233 wps
0.200 perplexity: 2.632 speed: 39165 wps
0.300 perplexity: 2.632 speed: 38944 wps
0.400 perplexity: 2.633 speed: 38899 wps
0.500 perplexity: 2.633 speed: 38839 wps
0.600 perplexity: 2.633 speed: 38824 wps
0.700 perplexity: 2.633 speed: 38833 wps
0.800 perplexity: 2.633 speed: 38864 wps
0.900 perplexity: 2.633 speed: 38872 wps
Epoch: 54 Train Perplexity: 2.633
Epoch: 54 Valid Perplexity: 2.630
Epoch: 55 Learning rate: 0.003
0.000 perplexity: 2.641 speed: 32764 wps
0.100 perplexity: 2.632 speed: 38905 wps
0.200 perplexity: 2.632 speed: 39090 wps
0.300 perplexity: 2.632 speed: 38899 wps
0.400 perplexity: 2.632 speed: 38986 wps
0.500 perplexity: 2.632 speed: 38969 wps
0.600 perplexity: 2.632 speed: 38945 wps
0.700 perplexity: 2.632 speed: 38906 wps
0.800 perplexity: 2.633 speed: 38882 wps
0.900 perplexity: 2.633 speed: 38895 wps
Epoch: 55 Train Perplexity: 2.632
Epoch: 55 Valid Perplexity: 2.630
Test Perplexity: 2.629